mode: atomic
github.com/a861252012/testnet-wallet-lab/cmd/send-and-verify/main.go:41.107,45.17 4 73
github.com/a861252012/testnet-wallet-lab/cmd/send-and-verify/main.go:45.17,48.17 3 8
github.com/a861252012/testnet-wallet-lab/cmd/send-and-verify/main.go:48.17,50.4 1 0
github.com/a861252012/testnet-wallet-lab/cmd/send-and-verify/main.go:52.2,53.16 2 73
github.com/a861252012/testnet-wallet-lab/cmd/send-and-verify/main.go:53.16,55.3 1 0
github.com/a861252012/testnet-wallet-lab/cmd/send-and-verify/main.go:56.2,58.16 3 73
github.com/a861252012/testnet-wallet-lab/cmd/send-and-verify/main.go:58.16,60.3 1 8
github.com/a861252012/testnet-wallet-lab/cmd/send-and-verify/main.go:61.2,61.19 1 73
github.com/a861252012/testnet-wallet-lab/cmd/send-and-verify/main.go:61.19,63.3 1 31
github.com/a861252012/testnet-wallet-lab/cmd/send-and-verify/main.go:64.2,65.16 2 73
github.com/a861252012/testnet-wallet-lab/cmd/send-and-verify/main.go:65.16,67.3 1 0
github.com/a861252012/testnet-wallet-lab/cmd/send-and-verify/main.go:68.2,70.16 3 73
github.com/a861252012/testnet-wallet-lab/cmd/send-and-verify/main.go:70.16,72.3 1 0
github.com/a861252012/testnet-wallet-lab/cmd/send-and-verify/main.go:73.2,75.40 3 73
github.com/a861252012/testnet-wallet-lab/cmd/send-and-verify/main.go:78.161,86.42 8 16
github.com/a861252012/testnet-wallet-lab/cmd/send-and-verify/main.go:86.42,88.3 1 0
github.com/a861252012/testnet-wallet-lab/cmd/send-and-verify/main.go:89.2,90.16 2 16
github.com/a861252012/testnet-wallet-lab/cmd/send-and-verify/main.go:90.16,92.3 1 9
github.com/a861252012/testnet-wallet-lab/cmd/send-and-verify/main.go:93.2,93.11 1 16
github.com/a861252012/testnet-wallet-lab/cmd/send-and-verify/main.go:93.11,95.3 1 3
github.com/a861252012/testnet-wallet-lab/cmd/send-and-verify/main.go:96.2,96.17 1 16
github.com/a861252012/testnet-wallet-lab/cmd/send-and-verify/main.go:96.17,98.3 1 4
github.com/a861252012/testnet-wallet-lab/cmd/send-and-verify/main.go:99.2,99.37 1 16
github.com/a861252012/testnet-wallet-lab/cmd/send-and-verify/main.go:99.37,101.3 1 2
github.com/a861252012/testnet-wallet-lab/cmd/send-and-verify/main.go:102.2,104.216 3 14
github.com/a861252012/testnet-wallet-lab/cmd/send-and-verify/main.go:104.216,106.3 1 2
github.com/a861252012/testnet-wallet-lab/cmd/send-and-verify/main.go:108.2,109.73 2 12
github.com/a861252012/testnet-wallet-lab/cmd/send-and-verify/main.go:109.73,109.107 1 1
github.com/a861252012/testnet-wallet-lab/cmd/send-and-verify/main.go:110.2,111.17 2 12
github.com/a861252012/testnet-wallet-lab/cmd/send-and-verify/main.go:111.17,112.68 1 4
github.com/a861252012/testnet-wallet-lab/cmd/send-and-verify/main.go:112.68,114.4 1 1
github.com/a861252012/testnet-wallet-lab/cmd/send-and-verify/main.go:115.8,117.17 2 8
github.com/a861252012/testnet-wallet-lab/cmd/send-and-verify/main.go:117.17,119.4 1 1
github.com/a861252012/testnet-wallet-lab/cmd/send-and-verify/main.go:120.3,120.51 1 7
github.com/a861252012/testnet-wallet-lab/cmd/send-and-verify/main.go:120.51,122.4 1 0
github.com/a861252012/testnet-wallet-lab/cmd/send-and-verify/main.go:123.3,124.17 2 7
github.com/a861252012/testnet-wallet-lab/cmd/send-and-verify/main.go:124.17,126.4 1 0
github.com/a861252012/testnet-wallet-lab/cmd/send-and-verify/main.go:127.3,127.38 1 7
github.com/a861252012/testnet-wallet-lab/cmd/send-and-verify/main.go:127.38,129.4 1 0
github.com/a861252012/testnet-wallet-lab/cmd/send-and-verify/main.go:130.3,131.17 2 7
github.com/a861252012/testnet-wallet-lab/cmd/send-and-verify/main.go:131.17,133.4 1 0
github.com/a861252012/testnet-wallet-lab/cmd/send-and-verify/main.go:134.3,134.42 1 7
github.com/a861252012/testnet-wallet-lab/cmd/send-and-verify/main.go:134.42,136.4 1 0
github.com/a861252012/testnet-wallet-lab/cmd/send-and-verify/main.go:137.3,142.17 2 7
github.com/a861252012/testnet-wallet-lab/cmd/send-and-verify/main.go:142.17,144.4 1 0
github.com/a861252012/testnet-wallet-lab/cmd/send-and-verify/main.go:145.3,145.17 1 7
github.com/a861252012/testnet-wallet-lab/cmd/send-and-verify/main.go:145.17,146.27 1 5
github.com/a861252012/testnet-wallet-lab/cmd/send-and-verify/main.go:146.27,147.99 1 3
github.com/a861252012/testnet-wallet-lab/cmd/send-and-verify/main.go:147.99,149.6 1 2
github.com/a861252012/testnet-wallet-lab/cmd/send-and-verify/main.go:150.5,151.15 2 1
github.com/a861252012/testnet-wallet-lab/cmd/send-and-verify/main.go:153.4,153.39 1 2
github.com/a861252012/testnet-wallet-lab/cmd/send-and-verify/main.go:153.39,155.5 1 0
github.com/a861252012/testnet-wallet-lab/cmd/send-and-verify/main.go:156.4,157.14 2 2
github.com/a861252012/testnet-wallet-lab/cmd/send-and-verify/main.go:159.3,159.38 1 2
github.com/a861252012/testnet-wallet-lab/cmd/send-and-verify/main.go:159.38,161.4 1 0
github.com/a861252012/testnet-wallet-lab/cmd/send-and-verify/main.go:162.3,166.7 4 2
github.com/a861252012/testnet-wallet-lab/cmd/send-and-verify/main.go:166.7,168.13 2 8
github.com/a861252012/testnet-wallet-lab/cmd/send-and-verify/main.go:168.13,169.21 1 8
github.com/a861252012/testnet-wallet-lab/cmd/send-and-verify/main.go:169.21,170.11 1 2
github.com/a861252012/testnet-wallet-lab/cmd/send-and-verify/main.go:172.5,172.25 1 6
github.com/a861252012/testnet-wallet-lab/cmd/send-and-verify/main.go:174.4,174.16 1 6
github.com/a861252012/testnet-wallet-lab/cmd/send-and-verify/main.go:174.16,175.20 1 0
github.com/a861252012/testnet-wallet-lab/cmd/send-and-verify/main.go:175.20,177.6 1 0
github.com/a861252012/testnet-wallet-lab/cmd/send-and-verify/main.go:178.5,178.10 1 0
github.com/a861252012/testnet-wallet-lab/cmd/send-and-verify/main.go:181.3,181.56 1 2
github.com/a861252012/testnet-wallet-lab/cmd/send-and-verify/main.go:181.56,183.4 1 1
github.com/a861252012/testnet-wallet-lab/cmd/send-and-verify/main.go:184.3,187.17 4 1
github.com/a861252012/testnet-wallet-lab/cmd/send-and-verify/main.go:187.17,189.4 1 0
github.com/a861252012/testnet-wallet-lab/cmd/send-and-verify/main.go:190.3,195.17 3 1
github.com/a861252012/testnet-wallet-lab/cmd/send-and-verify/main.go:195.17,197.4 1 0
github.com/a861252012/testnet-wallet-lab/cmd/send-and-verify/main.go:198.3,198.41 1 1
github.com/a861252012/testnet-wallet-lab/cmd/send-and-verify/main.go:198.41,200.4 1 0
github.com/a861252012/testnet-wallet-lab/cmd/send-and-verify/main.go:201.3,202.71 2 1
github.com/a861252012/testnet-wallet-lab/cmd/send-and-verify/main.go:204.2,205.15 2 4
github.com/a861252012/testnet-wallet-lab/cmd/send-and-verify/main.go:205.15,207.17 2 43
github.com/a861252012/testnet-wallet-lab/cmd/send-and-verify/main.go:207.17,209.4 1 0
github.com/a861252012/testnet-wallet-lab/cmd/send-and-verify/main.go:210.3,210.85 1 43
github.com/a861252012/testnet-wallet-lab/cmd/send-and-verify/main.go:210.85,212.36 2 3
github.com/a861252012/testnet-wallet-lab/cmd/send-and-verify/main.go:212.36,214.5 1 1
github.com/a861252012/testnet-wallet-lab/cmd/send-and-verify/main.go:215.4,215.14 1 2
github.com/a861252012/testnet-wallet-lab/cmd/send-and-verify/main.go:217.3,217.25 1 40
github.com/a861252012/testnet-wallet-lab/cmd/send-and-verify/main.go:219.2,219.80 1 1
github.com/a861252012/testnet-wallet-lab/cmd/send-and-verify/main.go:221.13,222.145 1 0
github.com/a861252012/testnet-wallet-lab/cmd/send-and-verify/main.go:222.145,222.193 1 0
github.com/a861252012/testnet-wallet-lab/cmd/send-and-verify/main.go:223.2,223.34 1 0
github.com/a861252012/testnet-wallet-lab/cmd/send-and-verify/main.go:223.34,225.3 1 0
github.com/a861252012/testnet-wallet-lab/cmd/send-and-verify/main.go:226.2,226.16 1 0
github.com/a861252012/testnet-wallet-lab/cmd/send-and-verify/main.go:226.16,229.3 2 0
github.com/a861252012/testnet-wallet-lab/cmd/accept-erc4337/main.go:32.13,33.30 1 0
github.com/a861252012/testnet-wallet-lab/cmd/accept-erc4337/main.go:33.30,36.3 2 0
github.com/a861252012/testnet-wallet-lab/cmd/accept-erc4337/main.go:39.18,47.22 8 0
github.com/a861252012/testnet-wallet-lab/cmd/accept-erc4337/main.go:47.22,49.3 1 0
github.com/a861252012/testnet-wallet-lab/cmd/accept-erc4337/main.go:50.2,50.76 1 0
github.com/a861252012/testnet-wallet-lab/cmd/accept-erc4337/main.go:50.76,52.3 1 0
github.com/a861252012/testnet-wallet-lab/cmd/accept-erc4337/main.go:53.2,53.14 1 0
github.com/a861252012/testnet-wallet-lab/cmd/accept-erc4337/main.go:53.14,54.49 1 0
github.com/a861252012/testnet-wallet-lab/cmd/accept-erc4337/main.go:54.49,56.4 1 0
github.com/a861252012/testnet-wallet-lab/cmd/accept-erc4337/main.go:57.3,58.17 2 0
github.com/a861252012/testnet-wallet-lab/cmd/accept-erc4337/main.go:58.17,60.4 1 0
github.com/a861252012/testnet-wallet-lab/cmd/accept-erc4337/main.go:61.3,62.87 2 0
github.com/a861252012/testnet-wallet-lab/cmd/accept-erc4337/main.go:62.87,64.4 1 0
github.com/a861252012/testnet-wallet-lab/cmd/accept-erc4337/main.go:66.2,69.16 4 0
github.com/a861252012/testnet-wallet-lab/cmd/accept-erc4337/main.go:69.16,71.3 1 0
github.com/a861252012/testnet-wallet-lab/cmd/accept-erc4337/main.go:72.2,75.16 4 0
github.com/a861252012/testnet-wallet-lab/cmd/accept-erc4337/main.go:75.16,77.3 1 0
github.com/a861252012/testnet-wallet-lab/cmd/accept-erc4337/main.go:78.2,78.26 1 0
github.com/a861252012/testnet-wallet-lab/cmd/accept-erc4337/main.go:78.26,80.3 1 0
github.com/a861252012/testnet-wallet-lab/cmd/accept-erc4337/main.go:81.2,82.16 2 0
github.com/a861252012/testnet-wallet-lab/cmd/accept-erc4337/main.go:82.16,84.3 1 0
github.com/a861252012/testnet-wallet-lab/cmd/accept-erc4337/main.go:85.2,87.66 3 0
github.com/a861252012/testnet-wallet-lab/cmd/accept-erc4337/main.go:87.66,89.3 1 0
github.com/a861252012/testnet-wallet-lab/cmd/accept-erc4337/main.go:90.2,90.23 1 0
github.com/a861252012/testnet-wallet-lab/cmd/accept-erc4337/main.go:90.23,92.3 1 0
github.com/a861252012/testnet-wallet-lab/cmd/accept-erc4337/main.go:93.2,94.85 2 0
github.com/a861252012/testnet-wallet-lab/cmd/accept-erc4337/main.go:94.85,96.3 1 0
github.com/a861252012/testnet-wallet-lab/cmd/accept-erc4337/main.go:97.2,98.30 2 0
github.com/a861252012/testnet-wallet-lab/cmd/accept-erc4337/main.go:98.30,100.3 1 0
github.com/a861252012/testnet-wallet-lab/cmd/accept-erc4337/main.go:101.2,101.12 1 0
github.com/a861252012/testnet-wallet-lab/cmd/accept-erc4337/main.go:101.12,103.3 1 0
github.com/a861252012/testnet-wallet-lab/cmd/accept-erc4337/main.go:104.2,104.58 1 0
github.com/a861252012/testnet-wallet-lab/cmd/accept-erc4337/main.go:104.58,106.15 2 0
github.com/a861252012/testnet-wallet-lab/cmd/accept-erc4337/main.go:106.15,108.4 1 0
github.com/a861252012/testnet-wallet-lab/cmd/accept-erc4337/main.go:109.3,109.21 1 0
github.com/a861252012/testnet-wallet-lab/cmd/accept-erc4337/main.go:109.21,111.4 1 0
github.com/a861252012/testnet-wallet-lab/cmd/accept-erc4337/main.go:113.2,114.40 2 0
github.com/a861252012/testnet-wallet-lab/cmd/accept-erc4337/main.go:114.40,115.14 1 0
github.com/a861252012/testnet-wallet-lab/cmd/accept-erc4337/main.go:115.14,117.4 1 0
github.com/a861252012/testnet-wallet-lab/cmd/accept-erc4337/main.go:118.3,119.47 2 0
github.com/a861252012/testnet-wallet-lab/cmd/accept-erc4337/main.go:119.47,121.4 1 0
github.com/a861252012/testnet-wallet-lab/cmd/accept-erc4337/main.go:122.3,123.69 2 0
github.com/a861252012/testnet-wallet-lab/cmd/accept-erc4337/main.go:123.69,125.4 1 0
github.com/a861252012/testnet-wallet-lab/cmd/accept-erc4337/main.go:126.3,126.48 1 0
github.com/a861252012/testnet-wallet-lab/cmd/accept-erc4337/main.go:126.48,128.4 1 0
github.com/a861252012/testnet-wallet-lab/cmd/accept-erc4337/main.go:130.2,131.23 2 0
github.com/a861252012/testnet-wallet-lab/cmd/accept-erc4337/main.go:131.23,133.17 2 0
github.com/a861252012/testnet-wallet-lab/cmd/accept-erc4337/main.go:133.17,135.4 1 0
github.com/a861252012/testnet-wallet-lab/cmd/accept-erc4337/main.go:137.2,140.16 4 0
github.com/a861252012/testnet-wallet-lab/cmd/accept-erc4337/main.go:140.16,142.3 1 0
github.com/a861252012/testnet-wallet-lab/cmd/accept-erc4337/main.go:143.2,143.23 1 0
github.com/a861252012/testnet-wallet-lab/cmd/accept-erc4337/main.go:143.23,145.3 1 0
github.com/a861252012/testnet-wallet-lab/cmd/accept-erc4337/main.go:146.2,148.16 3 0
github.com/a861252012/testnet-wallet-lab/cmd/accept-erc4337/main.go:148.16,150.3 1 0
github.com/a861252012/testnet-wallet-lab/cmd/accept-erc4337/main.go:151.2,153.16 3 0
github.com/a861252012/testnet-wallet-lab/cmd/accept-erc4337/main.go:153.16,155.3 1 0
github.com/a861252012/testnet-wallet-lab/cmd/accept-erc4337/main.go:156.2,159.16 4 0
github.com/a861252012/testnet-wallet-lab/cmd/accept-erc4337/main.go:159.16,160.50 1 0
github.com/a861252012/testnet-wallet-lab/cmd/accept-erc4337/main.go:160.50,162.4 1 0
github.com/a861252012/testnet-wallet-lab/cmd/accept-erc4337/main.go:163.8,163.32 1 0
github.com/a861252012/testnet-wallet-lab/cmd/accept-erc4337/main.go:163.32,165.3 1 0
github.com/a861252012/testnet-wallet-lab/cmd/accept-erc4337/main.go:165.8,166.14 1 0
github.com/a861252012/testnet-wallet-lab/cmd/accept-erc4337/main.go:166.14,168.4 1 0
github.com/a861252012/testnet-wallet-lab/cmd/accept-erc4337/main.go:169.3,169.13 1 0
github.com/a861252012/testnet-wallet-lab/cmd/accept-erc4337/main.go:169.13,171.4 1 0
github.com/a861252012/testnet-wallet-lab/cmd/accept-erc4337/main.go:172.3,173.15 2 0
github.com/a861252012/testnet-wallet-lab/cmd/accept-erc4337/main.go:173.15,175.4 1 0
github.com/a861252012/testnet-wallet-lab/cmd/accept-erc4337/main.go:176.3,176.21 1 0
github.com/a861252012/testnet-wallet-lab/cmd/accept-erc4337/main.go:176.21,178.4 1 0
github.com/a861252012/testnet-wallet-lab/cmd/accept-erc4337/main.go:179.3,180.15 2 0
github.com/a861252012/testnet-wallet-lab/cmd/accept-erc4337/main.go:180.15,182.4 1 0
github.com/a861252012/testnet-wallet-lab/cmd/accept-erc4337/main.go:183.3,183.35 1 0
github.com/a861252012/testnet-wallet-lab/cmd/accept-erc4337/main.go:183.35,185.4 1 0
github.com/a861252012/testnet-wallet-lab/cmd/accept-erc4337/main.go:186.3,187.15 2 0
github.com/a861252012/testnet-wallet-lab/cmd/accept-erc4337/main.go:187.15,189.4 1 0
github.com/a861252012/testnet-wallet-lab/cmd/accept-erc4337/main.go:190.3,191.15 2 0
github.com/a861252012/testnet-wallet-lab/cmd/accept-erc4337/main.go:191.15,193.4 1 0
github.com/a861252012/testnet-wallet-lab/cmd/accept-erc4337/main.go:194.3,196.81 3 0
github.com/a861252012/testnet-wallet-lab/cmd/accept-erc4337/main.go:196.81,198.4 1 0
github.com/a861252012/testnet-wallet-lab/cmd/accept-erc4337/main.go:199.3,200.15 2 0
github.com/a861252012/testnet-wallet-lab/cmd/accept-erc4337/main.go:200.15,202.4 1 0
github.com/a861252012/testnet-wallet-lab/cmd/accept-erc4337/main.go:203.3,205.15 3 0
github.com/a861252012/testnet-wallet-lab/cmd/accept-erc4337/main.go:205.15,207.4 1 0
github.com/a861252012/testnet-wallet-lab/cmd/accept-erc4337/main.go:208.3,209.15 2 0
github.com/a861252012/testnet-wallet-lab/cmd/accept-erc4337/main.go:209.15,211.4 1 0
github.com/a861252012/testnet-wallet-lab/cmd/accept-erc4337/main.go:212.3,213.15 2 0
github.com/a861252012/testnet-wallet-lab/cmd/accept-erc4337/main.go:213.15,215.4 1 0
github.com/a861252012/testnet-wallet-lab/cmd/accept-erc4337/main.go:216.3,217.15 2 0
github.com/a861252012/testnet-wallet-lab/cmd/accept-erc4337/main.go:217.15,219.4 1 0
github.com/a861252012/testnet-wallet-lab/cmd/accept-erc4337/main.go:220.3,220.115 1 0
github.com/a861252012/testnet-wallet-lab/cmd/accept-erc4337/main.go:220.115,221.33 1 0
github.com/a861252012/testnet-wallet-lab/cmd/accept-erc4337/main.go:221.33,223.5 1 0
github.com/a861252012/testnet-wallet-lab/cmd/accept-erc4337/main.go:224.4,225.28 2 0
github.com/a861252012/testnet-wallet-lab/cmd/accept-erc4337/main.go:227.3,236.54 8 0
github.com/a861252012/testnet-wallet-lab/cmd/accept-erc4337/main.go:236.54,238.4 1 0
github.com/a861252012/testnet-wallet-lab/cmd/accept-erc4337/main.go:239.3,239.61 1 0
github.com/a861252012/testnet-wallet-lab/cmd/accept-erc4337/main.go:239.61,241.4 1 0
github.com/a861252012/testnet-wallet-lab/cmd/accept-erc4337/main.go:242.3,243.15 2 0
github.com/a861252012/testnet-wallet-lab/cmd/accept-erc4337/main.go:243.15,245.4 1 0
github.com/a861252012/testnet-wallet-lab/cmd/accept-erc4337/main.go:246.3,247.15 2 0
github.com/a861252012/testnet-wallet-lab/cmd/accept-erc4337/main.go:247.15,249.4 1 0
github.com/a861252012/testnet-wallet-lab/cmd/accept-erc4337/main.go:250.3,250.43 1 0
github.com/a861252012/testnet-wallet-lab/cmd/accept-erc4337/main.go:250.43,252.4 1 0
github.com/a861252012/testnet-wallet-lab/cmd/accept-erc4337/main.go:254.2,254.67 1 0
github.com/a861252012/testnet-wallet-lab/cmd/accept-erc4337/main.go:254.67,256.3 1 0
github.com/a861252012/testnet-wallet-lab/cmd/accept-erc4337/main.go:257.2,258.16 2 0
github.com/a861252012/testnet-wallet-lab/cmd/accept-erc4337/main.go:258.16,260.3 1 0
github.com/a861252012/testnet-wallet-lab/cmd/accept-erc4337/main.go:261.2,263.52 3 0
github.com/a861252012/testnet-wallet-lab/cmd/accept-erc4337/main.go:263.52,265.15 2 0
github.com/a861252012/testnet-wallet-lab/cmd/accept-erc4337/main.go:265.15,267.4 1 0
github.com/a861252012/testnet-wallet-lab/cmd/accept-erc4337/main.go:268.3,268.18 1 0
github.com/a861252012/testnet-wallet-lab/cmd/accept-erc4337/main.go:268.18,270.4 1 0
github.com/a861252012/testnet-wallet-lab/cmd/accept-erc4337/main.go:271.3,272.79 2 0
github.com/a861252012/testnet-wallet-lab/cmd/accept-erc4337/main.go:274.2,274.16 1 0
github.com/a861252012/testnet-wallet-lab/cmd/accept-erc4337/main.go:274.16,276.3 1 0
github.com/a861252012/testnet-wallet-lab/cmd/accept-erc4337/main.go:277.2,277.75 1 0
github.com/a861252012/testnet-wallet-lab/cmd/accept-erc4337/main.go:277.75,279.3 1 0
github.com/a861252012/testnet-wallet-lab/cmd/accept-erc4337/main.go:280.2,281.16 2 0
github.com/a861252012/testnet-wallet-lab/cmd/accept-erc4337/main.go:281.16,283.3 1 0
github.com/a861252012/testnet-wallet-lab/cmd/accept-erc4337/main.go:284.2,284.14 1 0
github.com/a861252012/testnet-wallet-lab/cmd/accept-erc4337/main.go:284.14,285.90 1 0
github.com/a861252012/testnet-wallet-lab/cmd/accept-erc4337/main.go:285.90,287.4 1 0
github.com/a861252012/testnet-wallet-lab/cmd/accept-erc4337/main.go:289.2,290.12 2 0
github.com/a861252012/testnet-wallet-lab/cmd/accept-erc4337/main.go:293.47,295.16 2 2
github.com/a861252012/testnet-wallet-lab/cmd/accept-erc4337/main.go:295.16,297.3 1 1
github.com/a861252012/testnet-wallet-lab/cmd/accept-erc4337/main.go:298.2,298.40 1 1
github.com/a861252012/testnet-wallet-lab/cmd/accept-erc4337/main.go:298.40,301.3 2 0
github.com/a861252012/testnet-wallet-lab/cmd/accept-erc4337/main.go:302.2,302.32 1 1
github.com/a861252012/testnet-wallet-lab/cmd/accept-erc4337/main.go:302.32,305.3 2 0
github.com/a861252012/testnet-wallet-lab/cmd/accept-erc4337/main.go:306.2,306.33 1 1
github.com/a861252012/testnet-wallet-lab/cmd/accept-erc4337/main.go:306.33,308.3 1 0
github.com/a861252012/testnet-wallet-lab/cmd/accept-erc4337/main.go:309.2,310.16 2 1
github.com/a861252012/testnet-wallet-lab/cmd/accept-erc4337/main.go:310.16,312.3 1 0
github.com/a861252012/testnet-wallet-lab/cmd/accept-erc4337/main.go:313.2,314.17 2 1
github.com/a861252012/testnet-wallet-lab/cmd/accept-erc4337/main.go:317.95,318.38 1 6
github.com/a861252012/testnet-wallet-lab/cmd/accept-erc4337/main.go:318.38,320.3 1 0
github.com/a861252012/testnet-wallet-lab/cmd/accept-erc4337/main.go:321.2,322.75 2 6
github.com/a861252012/testnet-wallet-lab/cmd/accept-erc4337/main.go:322.75,324.3 1 0
github.com/a861252012/testnet-wallet-lab/cmd/accept-erc4337/main.go:325.2,326.16 2 6
github.com/a861252012/testnet-wallet-lab/cmd/accept-erc4337/main.go:326.16,328.3 1 0
github.com/a861252012/testnet-wallet-lab/cmd/accept-erc4337/main.go:329.2,330.169 2 6
github.com/a861252012/testnet-wallet-lab/cmd/accept-erc4337/main.go:330.169,332.3 1 4
github.com/a861252012/testnet-wallet-lab/cmd/accept-erc4337/main.go:333.2,334.16 2 2
github.com/a861252012/testnet-wallet-lab/cmd/accept-erc4337/main.go:334.16,336.3 1 0
github.com/a861252012/testnet-wallet-lab/cmd/accept-erc4337/main.go:337.2,338.16 2 2
github.com/a861252012/testnet-wallet-lab/cmd/accept-erc4337/main.go:338.16,340.3 1 1
github.com/a861252012/testnet-wallet-lab/cmd/accept-erc4337/main.go:341.2,341.12 1 1
github.com/a861252012/testnet-wallet-lab/cmd/accept-erc4337/main.go:341.12,343.3 1 0
github.com/a861252012/testnet-wallet-lab/cmd/accept-erc4337/main.go:344.2,344.12 1 1
github.com/a861252012/testnet-wallet-lab/cmd/accept-erc4337/main.go:347.161,348.175 1 13
github.com/a861252012/testnet-wallet-lab/cmd/accept-erc4337/main.go:348.175,350.3 1 3
github.com/a861252012/testnet-wallet-lab/cmd/accept-erc4337/main.go:351.2,352.16 2 10
github.com/a861252012/testnet-wallet-lab/cmd/accept-erc4337/main.go:352.16,354.3 1 1
github.com/a861252012/testnet-wallet-lab/cmd/accept-erc4337/main.go:355.2,355.235 1 9
github.com/a861252012/testnet-wallet-lab/cmd/accept-erc4337/main.go:355.235,357.3 1 1
github.com/a861252012/testnet-wallet-lab/cmd/accept-erc4337/main.go:358.2,359.16 2 8
github.com/a861252012/testnet-wallet-lab/cmd/accept-erc4337/main.go:359.16,361.3 1 0
github.com/a861252012/testnet-wallet-lab/cmd/accept-erc4337/main.go:362.2,362.34 1 8
github.com/a861252012/testnet-wallet-lab/cmd/accept-erc4337/main.go:362.34,364.3 1 1
github.com/a861252012/testnet-wallet-lab/cmd/accept-erc4337/main.go:365.2,369.29 5 7
github.com/a861252012/testnet-wallet-lab/cmd/accept-erc4337/main.go:369.29,370.15 1 14
github.com/a861252012/testnet-wallet-lab/cmd/accept-erc4337/main.go:370.15,372.4 1 0
github.com/a861252012/testnet-wallet-lab/cmd/accept-erc4337/main.go:373.3,373.320 1 14
github.com/a861252012/testnet-wallet-lab/cmd/accept-erc4337/main.go:373.320,375.4 1 6
github.com/a861252012/testnet-wallet-lab/cmd/accept-erc4337/main.go:376.3,376.346 1 14
github.com/a861252012/testnet-wallet-lab/cmd/accept-erc4337/main.go:376.346,378.4 1 6
github.com/a861252012/testnet-wallet-lab/cmd/accept-erc4337/main.go:380.2,380.14 1 7
github.com/a861252012/testnet-wallet-lab/cmd/accept-erc4337/main.go:380.14,382.3 1 1
github.com/a861252012/testnet-wallet-lab/cmd/accept-erc4337/main.go:383.2,383.15 1 6
github.com/a861252012/testnet-wallet-lab/cmd/accept-erc4337/main.go:383.15,385.3 1 1
github.com/a861252012/testnet-wallet-lab/cmd/accept-erc4337/main.go:386.2,388.16 3 5
github.com/a861252012/testnet-wallet-lab/cmd/accept-erc4337/main.go:388.16,390.3 1 0
github.com/a861252012/testnet-wallet-lab/cmd/accept-erc4337/main.go:391.2,392.16 2 5
github.com/a861252012/testnet-wallet-lab/cmd/accept-erc4337/main.go:392.16,394.3 1 0
github.com/a861252012/testnet-wallet-lab/cmd/accept-erc4337/main.go:395.2,395.41 1 5
github.com/a861252012/testnet-wallet-lab/cmd/accept-erc4337/main.go:395.41,397.3 1 1
github.com/a861252012/testnet-wallet-lab/cmd/accept-erc4337/main.go:398.2,398.100 1 4
github.com/a861252012/testnet-wallet-lab/cmd/accept-erc4337/main.go:398.100,400.15 2 7
github.com/a861252012/testnet-wallet-lab/cmd/accept-erc4337/main.go:400.15,402.4 1 0
github.com/a861252012/testnet-wallet-lab/cmd/accept-erc4337/main.go:403.3,403.59 1 7
github.com/a861252012/testnet-wallet-lab/cmd/accept-erc4337/main.go:403.59,405.4 1 2
github.com/a861252012/testnet-wallet-lab/cmd/accept-erc4337/main.go:407.2,408.16 2 2
github.com/a861252012/testnet-wallet-lab/cmd/accept-erc4337/main.go:408.16,410.3 1 0
github.com/a861252012/testnet-wallet-lab/cmd/accept-erc4337/main.go:411.2,412.16 2 2
github.com/a861252012/testnet-wallet-lab/cmd/accept-erc4337/main.go:412.16,414.3 1 0
github.com/a861252012/testnet-wallet-lab/cmd/accept-erc4337/main.go:415.2,415.83 1 2
github.com/a861252012/testnet-wallet-lab/cmd/accept-erc4337/main.go:415.83,417.3 1 1
github.com/a861252012/testnet-wallet-lab/cmd/accept-erc4337/main.go:418.2,419.16 2 1
github.com/a861252012/testnet-wallet-lab/cmd/accept-erc4337/main.go:419.16,421.3 1 0
github.com/a861252012/testnet-wallet-lab/cmd/accept-erc4337/main.go:422.2,422.34 1 1
github.com/a861252012/testnet-wallet-lab/cmd/accept-erc4337/main.go:422.34,424.3 1 0
github.com/a861252012/testnet-wallet-lab/cmd/accept-erc4337/main.go:426.2,427.12 2 1
github.com/a861252012/testnet-wallet-lab/cmd/testnet-wallet-lab/config.go:64.68,67.44 3 22
github.com/a861252012/testnet-wallet-lab/cmd/testnet-wallet-lab/config.go:67.44,69.3 1 2
github.com/a861252012/testnet-wallet-lab/cmd/testnet-wallet-lab/config.go:71.2,72.46 2 20
github.com/a861252012/testnet-wallet-lab/cmd/testnet-wallet-lab/config.go:72.46,74.3 1 1
github.com/a861252012/testnet-wallet-lab/cmd/testnet-wallet-lab/config.go:76.2,77.48 2 19
github.com/a861252012/testnet-wallet-lab/cmd/testnet-wallet-lab/config.go:77.48,79.3 1 1
github.com/a861252012/testnet-wallet-lab/cmd/testnet-wallet-lab/config.go:80.2,82.88 3 18
github.com/a861252012/testnet-wallet-lab/cmd/testnet-wallet-lab/config.go:82.88,84.3 1 1
github.com/a861252012/testnet-wallet-lab/cmd/testnet-wallet-lab/config.go:85.2,85.38 1 17
github.com/a861252012/testnet-wallet-lab/cmd/testnet-wallet-lab/config.go:85.38,87.3 1 1
github.com/a861252012/testnet-wallet-lab/cmd/testnet-wallet-lab/config.go:88.2,88.24 1 16
github.com/a861252012/testnet-wallet-lab/cmd/testnet-wallet-lab/config.go:88.24,90.208 2 13
github.com/a861252012/testnet-wallet-lab/cmd/testnet-wallet-lab/config.go:90.208,92.4 1 9
github.com/a861252012/testnet-wallet-lab/cmd/testnet-wallet-lab/config.go:93.3,93.43 1 4
github.com/a861252012/testnet-wallet-lab/cmd/testnet-wallet-lab/config.go:93.43,95.4 1 1
github.com/a861252012/testnet-wallet-lab/cmd/testnet-wallet-lab/config.go:98.2,99.24 2 6
github.com/a861252012/testnet-wallet-lab/cmd/testnet-wallet-lab/config.go:99.24,101.17 2 1
github.com/a861252012/testnet-wallet-lab/cmd/testnet-wallet-lab/config.go:101.17,103.4 1 1
github.com/a861252012/testnet-wallet-lab/cmd/testnet-wallet-lab/config.go:104.3,104.33 1 0
github.com/a861252012/testnet-wallet-lab/cmd/testnet-wallet-lab/config.go:107.2,123.48 3 5
github.com/a861252012/testnet-wallet-lab/cmd/testnet-wallet-lab/config.go:123.48,130.3 2 20
github.com/a861252012/testnet-wallet-lab/cmd/testnet-wallet-lab/config.go:132.2,132.20 1 5
github.com/a861252012/testnet-wallet-lab/cmd/testnet-wallet-lab/config.go:135.49,137.20 2 25
github.com/a861252012/testnet-wallet-lab/cmd/testnet-wallet-lab/config.go:137.20,139.3 1 23
github.com/a861252012/testnet-wallet-lab/cmd/testnet-wallet-lab/config.go:140.2,140.56 1 2
github.com/a861252012/testnet-wallet-lab/cmd/testnet-wallet-lab/config.go:140.56,142.3 1 3
github.com/a861252012/testnet-wallet-lab/cmd/testnet-wallet-lab/config.go:143.2,143.13 1 2
github.com/a861252012/testnet-wallet-lab/cmd/testnet-wallet-lab/config.go:154.62,156.76 2 4
github.com/a861252012/testnet-wallet-lab/cmd/testnet-wallet-lab/config.go:156.76,158.3 1 2
github.com/a861252012/testnet-wallet-lab/cmd/testnet-wallet-lab/config.go:159.2,160.16 2 2
github.com/a861252012/testnet-wallet-lab/cmd/testnet-wallet-lab/config.go:160.16,162.3 1 0
github.com/a861252012/testnet-wallet-lab/cmd/testnet-wallet-lab/config.go:163.2,164.105 2 2
github.com/a861252012/testnet-wallet-lab/cmd/testnet-wallet-lab/config.go:164.105,166.3 1 1
github.com/a861252012/testnet-wallet-lab/cmd/testnet-wallet-lab/config.go:167.2,167.20 1 1
github.com/a861252012/testnet-wallet-lab/cmd/testnet-wallet-lab/main.go:26.13,27.30 1 0
github.com/a861252012/testnet-wallet-lab/cmd/testnet-wallet-lab/main.go:27.30,30.3 2 0
github.com/a861252012/testnet-wallet-lab/cmd/testnet-wallet-lab/main.go:33.18,34.23 1 0
github.com/a861252012/testnet-wallet-lab/cmd/testnet-wallet-lab/main.go:34.23,35.21 1 0
github.com/a861252012/testnet-wallet-lab/cmd/testnet-wallet-lab/main.go:36.20,38.14 2 0
github.com/a861252012/testnet-wallet-lab/cmd/testnet-wallet-lab/main.go:39.24,41.18 2 0
github.com/a861252012/testnet-wallet-lab/cmd/testnet-wallet-lab/main.go:41.18,43.5 1 0
github.com/a861252012/testnet-wallet-lab/cmd/testnet-wallet-lab/main.go:44.4,46.18 3 0
github.com/a861252012/testnet-wallet-lab/cmd/testnet-wallet-lab/main.go:46.18,48.5 1 0
github.com/a861252012/testnet-wallet-lab/cmd/testnet-wallet-lab/main.go:49.4,50.44 2 0
github.com/a861252012/testnet-wallet-lab/cmd/testnet-wallet-lab/main.go:50.44,52.5 1 0
github.com/a861252012/testnet-wallet-lab/cmd/testnet-wallet-lab/main.go:53.4,53.14 1 0
github.com/a861252012/testnet-wallet-lab/cmd/testnet-wallet-lab/main.go:56.2,57.16 2 0
github.com/a861252012/testnet-wallet-lab/cmd/testnet-wallet-lab/main.go:57.16,59.3 1 0
github.com/a861252012/testnet-wallet-lab/cmd/testnet-wallet-lab/main.go:60.2,61.16 2 0
github.com/a861252012/testnet-wallet-lab/cmd/testnet-wallet-lab/main.go:61.16,63.3 1 0
github.com/a861252012/testnet-wallet-lab/cmd/testnet-wallet-lab/main.go:64.2,66.16 3 0
github.com/a861252012/testnet-wallet-lab/cmd/testnet-wallet-lab/main.go:66.16,68.3 1 0
github.com/a861252012/testnet-wallet-lab/cmd/testnet-wallet-lab/main.go:69.2,70.31 2 0
github.com/a861252012/testnet-wallet-lab/cmd/testnet-wallet-lab/main.go:70.31,71.76 1 0
github.com/a861252012/testnet-wallet-lab/cmd/testnet-wallet-lab/main.go:71.76,73.4 1 0
github.com/a861252012/testnet-wallet-lab/cmd/testnet-wallet-lab/main.go:75.2,75.23 1 0
github.com/a861252012/testnet-wallet-lab/cmd/testnet-wallet-lab/main.go:75.23,77.17 2 0
github.com/a861252012/testnet-wallet-lab/cmd/testnet-wallet-lab/main.go:77.17,79.4 1 0
github.com/a861252012/testnet-wallet-lab/cmd/testnet-wallet-lab/main.go:80.3,80.19 1 0
github.com/a861252012/testnet-wallet-lab/cmd/testnet-wallet-lab/main.go:80.19,82.4 1 0
github.com/a861252012/testnet-wallet-lab/cmd/testnet-wallet-lab/main.go:84.2,85.16 2 0
github.com/a861252012/testnet-wallet-lab/cmd/testnet-wallet-lab/main.go:85.16,87.3 1 0
github.com/a861252012/testnet-wallet-lab/cmd/testnet-wallet-lab/main.go:88.2,89.42 2 0
github.com/a861252012/testnet-wallet-lab/cmd/testnet-wallet-lab/main.go:89.42,91.17 2 0
github.com/a861252012/testnet-wallet-lab/cmd/testnet-wallet-lab/main.go:91.17,93.4 1 0
github.com/a861252012/testnet-wallet-lab/cmd/testnet-wallet-lab/main.go:94.3,95.33 2 0
github.com/a861252012/testnet-wallet-lab/cmd/testnet-wallet-lab/main.go:98.2,98.122 1 0
github.com/a861252012/testnet-wallet-lab/cmd/testnet-wallet-lab/main.go:98.122,102.37 4 0
github.com/a861252012/testnet-wallet-lab/cmd/testnet-wallet-lab/main.go:102.37,104.18 2 0
github.com/a861252012/testnet-wallet-lab/cmd/testnet-wallet-lab/main.go:104.18,105.32 1 0
github.com/a861252012/testnet-wallet-lab/cmd/testnet-wallet-lab/main.go:105.32,107.6 1 0
github.com/a861252012/testnet-wallet-lab/cmd/testnet-wallet-lab/main.go:108.5,108.25 1 0
github.com/a861252012/testnet-wallet-lab/cmd/testnet-wallet-lab/main.go:110.4,112.18 3 0
github.com/a861252012/testnet-wallet-lab/cmd/testnet-wallet-lab/main.go:112.18,113.32 1 0
github.com/a861252012/testnet-wallet-lab/cmd/testnet-wallet-lab/main.go:113.32,115.6 1 0
github.com/a861252012/testnet-wallet-lab/cmd/testnet-wallet-lab/main.go:116.5,116.25 1 0
github.com/a861252012/testnet-wallet-lab/cmd/testnet-wallet-lab/main.go:118.4,119.55 2 0
github.com/a861252012/testnet-wallet-lab/cmd/testnet-wallet-lab/main.go:121.3,121.28 1 0
github.com/a861252012/testnet-wallet-lab/cmd/testnet-wallet-lab/main.go:123.2,124.16 2 0
github.com/a861252012/testnet-wallet-lab/cmd/testnet-wallet-lab/main.go:124.16,126.3 1 0
github.com/a861252012/testnet-wallet-lab/cmd/testnet-wallet-lab/main.go:127.2,127.15 1 0
github.com/a861252012/testnet-wallet-lab/cmd/testnet-wallet-lab/main.go:127.15,128.34 1 0
github.com/a861252012/testnet-wallet-lab/cmd/testnet-wallet-lab/main.go:128.34,130.4 1 0
github.com/a861252012/testnet-wallet-lab/cmd/testnet-wallet-lab/main.go:132.2,134.52 3 0
github.com/a861252012/testnet-wallet-lab/cmd/testnet-wallet-lab/main.go:134.52,135.25 1 0
github.com/a861252012/testnet-wallet-lab/cmd/testnet-wallet-lab/main.go:135.25,137.4 1 0
github.com/a861252012/testnet-wallet-lab/cmd/testnet-wallet-lab/main.go:139.2,140.33 2 0
github.com/a861252012/testnet-wallet-lab/cmd/testnet-wallet-lab/main.go:140.33,142.3 1 0
github.com/a861252012/testnet-wallet-lab/cmd/testnet-wallet-lab/main.go:143.2,147.15 5 0
github.com/a861252012/testnet-wallet-lab/cmd/testnet-wallet-lab/main.go:147.15,154.36 7 0
github.com/a861252012/testnet-wallet-lab/cmd/testnet-wallet-lab/main.go:154.36,156.4 1 0
github.com/a861252012/testnet-wallet-lab/cmd/testnet-wallet-lab/main.go:158.2,159.16 2 0
github.com/a861252012/testnet-wallet-lab/cmd/testnet-wallet-lab/main.go:159.16,161.3 1 0
github.com/a861252012/testnet-wallet-lab/cmd/testnet-wallet-lab/main.go:162.2,164.16 3 0
github.com/a861252012/testnet-wallet-lab/cmd/testnet-wallet-lab/main.go:164.16,166.3 1 0
github.com/a861252012/testnet-wallet-lab/cmd/testnet-wallet-lab/main.go:167.2,168.16 2 0
github.com/a861252012/testnet-wallet-lab/cmd/testnet-wallet-lab/main.go:168.16,170.3 1 0
github.com/a861252012/testnet-wallet-lab/cmd/testnet-wallet-lab/main.go:171.2,173.16 3 0
github.com/a861252012/testnet-wallet-lab/cmd/testnet-wallet-lab/main.go:173.16,175.3 1 0
github.com/a861252012/testnet-wallet-lab/cmd/testnet-wallet-lab/main.go:176.2,177.29 2 0
github.com/a861252012/testnet-wallet-lab/cmd/testnet-wallet-lab/main.go:177.29,179.17 2 0
github.com/a861252012/testnet-wallet-lab/cmd/testnet-wallet-lab/main.go:179.17,181.4 1 0
github.com/a861252012/testnet-wallet-lab/cmd/testnet-wallet-lab/main.go:182.3,183.17 2 0
github.com/a861252012/testnet-wallet-lab/cmd/testnet-wallet-lab/main.go:183.17,185.4 1 0
github.com/a861252012/testnet-wallet-lab/cmd/testnet-wallet-lab/main.go:186.3,188.17 3 0
github.com/a861252012/testnet-wallet-lab/cmd/testnet-wallet-lab/main.go:188.17,190.4 1 0
github.com/a861252012/testnet-wallet-lab/cmd/testnet-wallet-lab/main.go:191.3,192.17 2 0
github.com/a861252012/testnet-wallet-lab/cmd/testnet-wallet-lab/main.go:192.17,194.4 1 0
github.com/a861252012/testnet-wallet-lab/cmd/testnet-wallet-lab/main.go:195.3,197.68 3 0
github.com/a861252012/testnet-wallet-lab/cmd/testnet-wallet-lab/main.go:197.68,199.18 2 0
github.com/a861252012/testnet-wallet-lab/cmd/testnet-wallet-lab/main.go:199.18,201.5 1 0
github.com/a861252012/testnet-wallet-lab/cmd/testnet-wallet-lab/main.go:202.4,203.112 2 0
github.com/a861252012/testnet-wallet-lab/cmd/testnet-wallet-lab/main.go:205.3,206.75 2 0
github.com/a861252012/testnet-wallet-lab/cmd/testnet-wallet-lab/main.go:206.75,208.18 2 0
github.com/a861252012/testnet-wallet-lab/cmd/testnet-wallet-lab/main.go:208.18,210.5 1 0
github.com/a861252012/testnet-wallet-lab/cmd/testnet-wallet-lab/main.go:211.4,212.29 2 0
github.com/a861252012/testnet-wallet-lab/cmd/testnet-wallet-lab/main.go:215.2,216.77 2 0
github.com/a861252012/testnet-wallet-lab/cmd/testnet-wallet-lab/main.go:216.77,217.31 1 0
github.com/a861252012/testnet-wallet-lab/cmd/testnet-wallet-lab/main.go:217.31,219.4 1 0
github.com/a861252012/testnet-wallet-lab/cmd/testnet-wallet-lab/main.go:220.3,220.83 1 0
github.com/a861252012/testnet-wallet-lab/cmd/testnet-wallet-lab/main.go:220.83,223.4 2 0
github.com/a861252012/testnet-wallet-lab/cmd/testnet-wallet-lab/main.go:224.3,224.67 1 0
github.com/a861252012/testnet-wallet-lab/cmd/testnet-wallet-lab/main.go:224.67,225.28 1 0
github.com/a861252012/testnet-wallet-lab/cmd/testnet-wallet-lab/main.go:225.28,227.5 1 0
github.com/a861252012/testnet-wallet-lab/cmd/testnet-wallet-lab/main.go:228.4,229.10 2 0
github.com/a861252012/testnet-wallet-lab/cmd/testnet-wallet-lab/main.go:231.3,231.46 1 0
github.com/a861252012/testnet-wallet-lab/cmd/testnet-wallet-lab/main.go:231.46,234.4 2 0
github.com/a861252012/testnet-wallet-lab/cmd/testnet-wallet-lab/main.go:235.3,235.48 1 0
github.com/a861252012/testnet-wallet-lab/cmd/testnet-wallet-lab/main.go:235.48,238.4 2 0
github.com/a861252012/testnet-wallet-lab/cmd/testnet-wallet-lab/main.go:239.3,239.51 1 0
github.com/a861252012/testnet-wallet-lab/cmd/testnet-wallet-lab/main.go:239.51,242.4 2 0
github.com/a861252012/testnet-wallet-lab/cmd/testnet-wallet-lab/main.go:243.3,244.42 2 0
github.com/a861252012/testnet-wallet-lab/cmd/testnet-wallet-lab/main.go:244.42,247.4 2 0
github.com/a861252012/testnet-wallet-lab/cmd/testnet-wallet-lab/main.go:248.3,250.19 3 0
github.com/a861252012/testnet-wallet-lab/cmd/testnet-wallet-lab/main.go:250.19,254.4 3 0
github.com/a861252012/testnet-wallet-lab/cmd/testnet-wallet-lab/main.go:255.3,256.28 2 0
github.com/a861252012/testnet-wallet-lab/cmd/testnet-wallet-lab/main.go:256.28,258.18 2 0
github.com/a861252012/testnet-wallet-lab/cmd/testnet-wallet-lab/main.go:258.18,262.5 3 0
github.com/a861252012/testnet-wallet-lab/cmd/testnet-wallet-lab/main.go:263.4,264.18 2 0
github.com/a861252012/testnet-wallet-lab/cmd/testnet-wallet-lab/main.go:264.18,269.5 4 0
github.com/a861252012/testnet-wallet-lab/cmd/testnet-wallet-lab/main.go:270.4,271.18 2 0
github.com/a861252012/testnet-wallet-lab/cmd/testnet-wallet-lab/main.go:271.18,276.5 4 0
github.com/a861252012/testnet-wallet-lab/cmd/testnet-wallet-lab/main.go:278.4,283.37 6 0
github.com/a861252012/testnet-wallet-lab/cmd/testnet-wallet-lab/main.go:283.37,285.5 1 0
github.com/a861252012/testnet-wallet-lab/cmd/testnet-wallet-lab/main.go:287.3,288.33 2 0
github.com/a861252012/testnet-wallet-lab/cmd/testnet-wallet-lab/main.go:290.2,291.23 2 0
github.com/a861252012/testnet-wallet-lab/cmd/testnet-wallet-lab/main.go:291.23,293.3 1 0
github.com/a861252012/testnet-wallet-lab/cmd/testnet-wallet-lab/main.go:294.2,303.12 5 0
github.com/a861252012/testnet-wallet-lab/cmd/testnet-wallet-lab/main.go:303.12,303.54 1 0
github.com/a861252012/testnet-wallet-lab/cmd/testnet-wallet-lab/main.go:304.2,305.9 2 0
github.com/a861252012/testnet-wallet-lab/cmd/testnet-wallet-lab/main.go:306.28,307.44 1 0
github.com/a861252012/testnet-wallet-lab/cmd/testnet-wallet-lab/main.go:307.44,309.4 1 0
github.com/a861252012/testnet-wallet-lab/cmd/testnet-wallet-lab/main.go:310.20,313.35 3 0
github.com/a861252012/testnet-wallet-lab/cmd/testnet-wallet-lab/main.go:315.2,315.12 1 0
github.com/a861252012/testnet-wallet-lab/cmd/verify-onchain-evidence/main.go:61.65,63.16 2 70
github.com/a861252012/testnet-wallet-lab/cmd/verify-onchain-evidence/main.go:63.16,65.3 1 0
github.com/a861252012/testnet-wallet-lab/cmd/verify-onchain-evidence/main.go:66.2,67.16 2 70
github.com/a861252012/testnet-wallet-lab/cmd/verify-onchain-evidence/main.go:67.16,69.3 1 0
github.com/a861252012/testnet-wallet-lab/cmd/verify-onchain-evidence/main.go:70.2,71.51 2 70
github.com/a861252012/testnet-wallet-lab/cmd/verify-onchain-evidence/main.go:71.51,73.3 1 0
github.com/a861252012/testnet-wallet-lab/cmd/verify-onchain-evidence/main.go:74.2,74.49 1 70
github.com/a861252012/testnet-wallet-lab/cmd/verify-onchain-evidence/main.go:76.80,87.16 3 45
github.com/a861252012/testnet-wallet-lab/cmd/verify-onchain-evidence/main.go:87.16,89.3 1 0
github.com/a861252012/testnet-wallet-lab/cmd/verify-onchain-evidence/main.go:90.2,90.65 1 45
github.com/a861252012/testnet-wallet-lab/cmd/verify-onchain-evidence/main.go:90.65,92.3 1 1
github.com/a861252012/testnet-wallet-lab/cmd/verify-onchain-evidence/main.go:93.2,93.48 1 44
github.com/a861252012/testnet-wallet-lab/cmd/verify-onchain-evidence/main.go:95.43,96.33 1 31
github.com/a861252012/testnet-wallet-lab/cmd/verify-onchain-evidence/main.go:96.33,98.3 1 0
github.com/a861252012/testnet-wallet-lab/cmd/verify-onchain-evidence/main.go:99.2,100.25 2 31
github.com/a861252012/testnet-wallet-lab/cmd/verify-onchain-evidence/main.go:100.25,102.3 1 0
github.com/a861252012/testnet-wallet-lab/cmd/verify-onchain-evidence/main.go:103.2,103.15 1 31
github.com/a861252012/testnet-wallet-lab/cmd/verify-onchain-evidence/main.go:105.56,107.27 2 26
github.com/a861252012/testnet-wallet-lab/cmd/verify-onchain-evidence/main.go:107.27,109.3 1 10
github.com/a861252012/testnet-wallet-lab/cmd/verify-onchain-evidence/main.go:110.2,111.9 2 16
github.com/a861252012/testnet-wallet-lab/cmd/verify-onchain-evidence/main.go:111.9,113.3 1 2
github.com/a861252012/testnet-wallet-lab/cmd/verify-onchain-evidence/main.go:114.2,114.97 1 14
github.com/a861252012/testnet-wallet-lab/cmd/verify-onchain-evidence/main.go:114.97,116.3 1 0
github.com/a861252012/testnet-wallet-lab/cmd/verify-onchain-evidence/main.go:117.2,118.76 2 14
github.com/a861252012/testnet-wallet-lab/cmd/verify-onchain-evidence/main.go:118.76,120.3 1 1
github.com/a861252012/testnet-wallet-lab/cmd/verify-onchain-evidence/main.go:121.2,122.62 2 13
github.com/a861252012/testnet-wallet-lab/cmd/verify-onchain-evidence/main.go:122.62,124.3 1 0
github.com/a861252012/testnet-wallet-lab/cmd/verify-onchain-evidence/main.go:125.2,136.100 2 13
github.com/a861252012/testnet-wallet-lab/cmd/verify-onchain-evidence/main.go:136.100,138.3 1 0
github.com/a861252012/testnet-wallet-lab/cmd/verify-onchain-evidence/main.go:139.2,139.57 1 13
github.com/a861252012/testnet-wallet-lab/cmd/verify-onchain-evidence/main.go:139.57,141.3 1 2
github.com/a861252012/testnet-wallet-lab/cmd/verify-onchain-evidence/main.go:142.2,143.94 2 11
github.com/a861252012/testnet-wallet-lab/cmd/verify-onchain-evidence/main.go:143.94,145.3 1 0
github.com/a861252012/testnet-wallet-lab/cmd/verify-onchain-evidence/main.go:146.2,146.66 1 11
github.com/a861252012/testnet-wallet-lab/cmd/verify-onchain-evidence/main.go:146.66,148.3 1 1
github.com/a861252012/testnet-wallet-lab/cmd/verify-onchain-evidence/main.go:149.2,149.59 1 10
github.com/a861252012/testnet-wallet-lab/cmd/verify-onchain-evidence/main.go:149.59,151.3 1 1
github.com/a861252012/testnet-wallet-lab/cmd/verify-onchain-evidence/main.go:152.2,152.70 1 9
github.com/a861252012/testnet-wallet-lab/cmd/verify-onchain-evidence/main.go:152.70,154.3 1 1
github.com/a861252012/testnet-wallet-lab/cmd/verify-onchain-evidence/main.go:155.2,155.23 1 8
github.com/a861252012/testnet-wallet-lab/cmd/verify-onchain-evidence/main.go:156.67,159.72 3 5
github.com/a861252012/testnet-wallet-lab/cmd/verify-onchain-evidence/main.go:159.72,161.4 1 1
github.com/a861252012/testnet-wallet-lab/cmd/verify-onchain-evidence/main.go:162.27,163.26 1 3
github.com/a861252012/testnet-wallet-lab/cmd/verify-onchain-evidence/main.go:163.26,165.4 1 0
github.com/a861252012/testnet-wallet-lab/cmd/verify-onchain-evidence/main.go:166.3,168.36 3 3
github.com/a861252012/testnet-wallet-lab/cmd/verify-onchain-evidence/main.go:168.36,169.212 1 3
github.com/a861252012/testnet-wallet-lab/cmd/verify-onchain-evidence/main.go:169.212,171.17 2 2
github.com/a861252012/testnet-wallet-lab/cmd/verify-onchain-evidence/main.go:171.17,173.6 1 0
github.com/a861252012/testnet-wallet-lab/cmd/verify-onchain-evidence/main.go:174.5,174.30 1 2
github.com/a861252012/testnet-wallet-lab/cmd/verify-onchain-evidence/main.go:177.3,178.62 2 3
github.com/a861252012/testnet-wallet-lab/cmd/verify-onchain-evidence/main.go:178.62,180.4 1 2
github.com/a861252012/testnet-wallet-lab/cmd/verify-onchain-evidence/main.go:182.2,183.109 2 5
github.com/a861252012/testnet-wallet-lab/cmd/verify-onchain-evidence/main.go:183.109,185.3 1 1
github.com/a861252012/testnet-wallet-lab/cmd/verify-onchain-evidence/main.go:186.2,190.111 2 4
github.com/a861252012/testnet-wallet-lab/cmd/verify-onchain-evidence/main.go:190.111,192.3 1 0
github.com/a861252012/testnet-wallet-lab/cmd/verify-onchain-evidence/main.go:193.2,193.87 1 4
github.com/a861252012/testnet-wallet-lab/cmd/verify-onchain-evidence/main.go:193.87,195.3 1 1
github.com/a861252012/testnet-wallet-lab/cmd/verify-onchain-evidence/main.go:196.2,197.36 2 3
github.com/a861252012/testnet-wallet-lab/cmd/verify-onchain-evidence/main.go:197.36,199.3 1 0
github.com/a861252012/testnet-wallet-lab/cmd/verify-onchain-evidence/main.go:200.2,202.103 3 3
github.com/a861252012/testnet-wallet-lab/cmd/verify-onchain-evidence/main.go:202.103,204.3 1 0
github.com/a861252012/testnet-wallet-lab/cmd/verify-onchain-evidence/main.go:205.2,205.18 1 3
github.com/a861252012/testnet-wallet-lab/cmd/verify-onchain-evidence/main.go:205.18,207.15 2 3
github.com/a861252012/testnet-wallet-lab/cmd/verify-onchain-evidence/main.go:207.15,209.4 1 0
github.com/a861252012/testnet-wallet-lab/cmd/verify-onchain-evidence/main.go:210.3,210.37 1 3
github.com/a861252012/testnet-wallet-lab/cmd/verify-onchain-evidence/main.go:212.2,212.17 1 3
github.com/a861252012/testnet-wallet-lab/cmd/verify-onchain-evidence/main.go:214.60,216.65 2 10
github.com/a861252012/testnet-wallet-lab/cmd/verify-onchain-evidence/main.go:216.65,218.3 1 0
github.com/a861252012/testnet-wallet-lab/cmd/verify-onchain-evidence/main.go:219.2,222.28 2 10
github.com/a861252012/testnet-wallet-lab/cmd/verify-onchain-evidence/main.go:222.28,224.3 1 0
github.com/a861252012/testnet-wallet-lab/cmd/verify-onchain-evidence/main.go:225.2,225.30 1 10
github.com/a861252012/testnet-wallet-lab/cmd/verify-onchain-evidence/main.go:225.30,227.3 1 1
github.com/a861252012/testnet-wallet-lab/cmd/verify-onchain-evidence/main.go:228.2,238.37 2 9
github.com/a861252012/testnet-wallet-lab/cmd/verify-onchain-evidence/main.go:238.37,240.3 1 0
github.com/a861252012/testnet-wallet-lab/cmd/verify-onchain-evidence/main.go:241.2,241.56 1 9
github.com/a861252012/testnet-wallet-lab/cmd/verify-onchain-evidence/main.go:241.56,243.3 1 1
github.com/a861252012/testnet-wallet-lab/cmd/verify-onchain-evidence/main.go:244.2,244.105 1 8
github.com/a861252012/testnet-wallet-lab/cmd/verify-onchain-evidence/main.go:244.105,246.3 1 1
github.com/a861252012/testnet-wallet-lab/cmd/verify-onchain-evidence/main.go:247.2,247.106 1 7
github.com/a861252012/testnet-wallet-lab/cmd/verify-onchain-evidence/main.go:247.106,249.3 1 1
github.com/a861252012/testnet-wallet-lab/cmd/verify-onchain-evidence/main.go:250.2,267.38 2 6
github.com/a861252012/testnet-wallet-lab/cmd/verify-onchain-evidence/main.go:267.38,269.3 1 0
github.com/a861252012/testnet-wallet-lab/cmd/verify-onchain-evidence/main.go:270.2,270.58 1 6
github.com/a861252012/testnet-wallet-lab/cmd/verify-onchain-evidence/main.go:270.58,272.3 1 1
github.com/a861252012/testnet-wallet-lab/cmd/verify-onchain-evidence/main.go:273.2,274.29 2 5
github.com/a861252012/testnet-wallet-lab/cmd/verify-onchain-evidence/main.go:274.29,276.3 1 1
github.com/a861252012/testnet-wallet-lab/cmd/verify-onchain-evidence/main.go:277.2,277.24 1 4
github.com/a861252012/testnet-wallet-lab/cmd/verify-onchain-evidence/main.go:277.24,278.37 1 2
github.com/a861252012/testnet-wallet-lab/cmd/verify-onchain-evidence/main.go:278.37,280.4 1 1
github.com/a861252012/testnet-wallet-lab/cmd/verify-onchain-evidence/main.go:281.8,281.31 1 2
github.com/a861252012/testnet-wallet-lab/cmd/verify-onchain-evidence/main.go:281.31,283.3 1 1
github.com/a861252012/testnet-wallet-lab/cmd/verify-onchain-evidence/main.go:284.2,287.17 4 2
github.com/a861252012/testnet-wallet-lab/cmd/verify-onchain-evidence/main.go:289.70,294.42 5 3
github.com/a861252012/testnet-wallet-lab/cmd/verify-onchain-evidence/main.go:294.42,296.3 1 0
github.com/a861252012/testnet-wallet-lab/cmd/verify-onchain-evidence/main.go:297.2,297.23 1 3
github.com/a861252012/testnet-wallet-lab/cmd/verify-onchain-evidence/main.go:297.23,299.3 1 0
github.com/a861252012/testnet-wallet-lab/cmd/verify-onchain-evidence/main.go:300.2,300.75 1 3
github.com/a861252012/testnet-wallet-lab/cmd/verify-onchain-evidence/main.go:300.75,302.3 1 1
github.com/a861252012/testnet-wallet-lab/cmd/verify-onchain-evidence/main.go:303.2,304.16 2 2
github.com/a861252012/testnet-wallet-lab/cmd/verify-onchain-evidence/main.go:304.16,306.3 1 0
github.com/a861252012/testnet-wallet-lab/cmd/verify-onchain-evidence/main.go:307.2,308.56 2 2
github.com/a861252012/testnet-wallet-lab/cmd/verify-onchain-evidence/main.go:308.56,310.3 1 0
github.com/a861252012/testnet-wallet-lab/cmd/verify-onchain-evidence/main.go:311.2,314.44 4 2
github.com/a861252012/testnet-wallet-lab/cmd/verify-onchain-evidence/main.go:314.44,315.46 1 1
github.com/a861252012/testnet-wallet-lab/cmd/verify-onchain-evidence/main.go:315.46,316.12 1 0
github.com/a861252012/testnet-wallet-lab/cmd/verify-onchain-evidence/main.go:318.3,320.17 3 1
github.com/a861252012/testnet-wallet-lab/cmd/verify-onchain-evidence/main.go:320.17,326.53 2 1
github.com/a861252012/testnet-wallet-lab/cmd/verify-onchain-evidence/main.go:326.53,328.5 1 0
github.com/a861252012/testnet-wallet-lab/cmd/verify-onchain-evidence/main.go:329.9,329.55 1 0
github.com/a861252012/testnet-wallet-lab/cmd/verify-onchain-evidence/main.go:329.55,331.4 1 0
github.com/a861252012/testnet-wallet-lab/cmd/verify-onchain-evidence/main.go:333.2,333.16 1 2
github.com/a861252012/testnet-wallet-lab/cmd/verify-onchain-evidence/main.go:333.16,335.3 1 1
github.com/a861252012/testnet-wallet-lab/cmd/verify-onchain-evidence/main.go:336.2,336.18 1 1
github.com/a861252012/testnet-wallet-lab/cmd/verify-onchain-evidence/main.go:336.18,338.3 1 1
github.com/a861252012/testnet-wallet-lab/cmd/verify-onchain-evidence/main.go:339.2,340.12 2 0
github.com/a861252012/testnet-wallet-lab/cmd/verify-onchain-evidence/main.go:342.13,343.93 1 0
github.com/a861252012/testnet-wallet-lab/cmd/verify-onchain-evidence/main.go:343.93,344.35 1 0
github.com/a861252012/testnet-wallet-lab/cmd/verify-onchain-evidence/main.go:344.35,346.4 1 0
github.com/a861252012/testnet-wallet-lab/cmd/verify-onchain-evidence/main.go:347.3,348.13 2 0
github.com/a861252012/testnet-wallet-lab/internal/chain/activity.go:30.137,31.36 1 14
github.com/a861252012/testnet-wallet-lab/internal/chain/activity.go:31.36,33.3 1 0
github.com/a861252012/testnet-wallet-lab/internal/chain/activity.go:34.2,34.44 1 14
github.com/a861252012/testnet-wallet-lab/internal/chain/activity.go:34.44,36.3 1 0
github.com/a861252012/testnet-wallet-lab/internal/chain/activity.go:37.2,39.39 3 14
github.com/a861252012/testnet-wallet-lab/internal/chain/activity.go:39.39,41.3 1 0
github.com/a861252012/testnet-wallet-lab/internal/chain/activity.go:42.2,42.16 1 14
github.com/a861252012/testnet-wallet-lab/internal/chain/activity.go:42.16,44.3 1 0
github.com/a861252012/testnet-wallet-lab/internal/chain/activity.go:45.2,45.71 1 14
github.com/a861252012/testnet-wallet-lab/internal/chain/activity.go:45.71,47.3 1 0
github.com/a861252012/testnet-wallet-lab/internal/chain/activity.go:48.2,49.16 2 14
github.com/a861252012/testnet-wallet-lab/internal/chain/activity.go:49.16,51.3 1 0
github.com/a861252012/testnet-wallet-lab/internal/chain/activity.go:52.2,54.13 3 14
github.com/a861252012/testnet-wallet-lab/internal/chain/activity.go:54.13,55.15 1 1
github.com/a861252012/testnet-wallet-lab/internal/chain/activity.go:55.15,57.4 1 0
github.com/a861252012/testnet-wallet-lab/internal/chain/activity.go:58.3,58.33 1 1
github.com/a861252012/testnet-wallet-lab/internal/chain/activity.go:60.2,61.39 2 13
github.com/a861252012/testnet-wallet-lab/internal/chain/activity.go:61.39,62.15 1 0
github.com/a861252012/testnet-wallet-lab/internal/chain/activity.go:62.15,64.4 1 0
github.com/a861252012/testnet-wallet-lab/internal/chain/activity.go:65.3,66.33 2 0
github.com/a861252012/testnet-wallet-lab/internal/chain/activity.go:68.2,68.16 1 13
github.com/a861252012/testnet-wallet-lab/internal/chain/activity.go:68.16,70.3 1 0
github.com/a861252012/testnet-wallet-lab/internal/chain/activity.go:71.2,71.124 1 13
github.com/a861252012/testnet-wallet-lab/internal/chain/activity.go:71.124,73.3 1 0
github.com/a861252012/testnet-wallet-lab/internal/chain/activity.go:74.2,75.16 2 13
github.com/a861252012/testnet-wallet-lab/internal/chain/activity.go:75.16,77.3 1 0
github.com/a861252012/testnet-wallet-lab/internal/chain/activity.go:78.2,78.29 1 13
github.com/a861252012/testnet-wallet-lab/internal/chain/activity.go:78.29,81.3 2 2
github.com/a861252012/testnet-wallet-lab/internal/chain/activity.go:82.2,85.47 4 11
github.com/a861252012/testnet-wallet-lab/internal/chain/activity.go:85.47,87.3 1 9
github.com/a861252012/testnet-wallet-lab/internal/chain/activity.go:88.2,89.16 2 11
github.com/a861252012/testnet-wallet-lab/internal/chain/activity.go:89.16,91.3 1 1
github.com/a861252012/testnet-wallet-lab/internal/chain/activity.go:93.2,93.217 1 10
github.com/a861252012/testnet-wallet-lab/internal/chain/activity.go:93.217,94.30 1 5
github.com/a861252012/testnet-wallet-lab/internal/chain/activity.go:94.30,95.142 1 5
github.com/a861252012/testnet-wallet-lab/internal/chain/activity.go:95.142,96.13 1 3
github.com/a861252012/testnet-wallet-lab/internal/chain/activity.go:98.4,99.65 2 2
github.com/a861252012/testnet-wallet-lab/internal/chain/activity.go:99.65,101.5 1 1
github.com/a861252012/testnet-wallet-lab/internal/chain/activity.go:102.4,102.75 1 2
github.com/a861252012/testnet-wallet-lab/internal/chain/activity.go:102.75,103.26 1 1
github.com/a861252012/testnet-wallet-lab/internal/chain/activity.go:103.26,104.66 1 2
github.com/a861252012/testnet-wallet-lab/internal/chain/activity.go:104.66,106.7 1 1
github.com/a861252012/testnet-wallet-lab/internal/chain/activity.go:111.2,111.36 1 10
github.com/a861252012/testnet-wallet-lab/internal/chain/activity.go:111.36,113.17 2 0
github.com/a861252012/testnet-wallet-lab/internal/chain/activity.go:113.17,115.4 1 0
github.com/a861252012/testnet-wallet-lab/internal/chain/activity.go:116.3,116.24 1 0
github.com/a861252012/testnet-wallet-lab/internal/chain/activity.go:116.24,117.36 1 0
github.com/a861252012/testnet-wallet-lab/internal/chain/activity.go:117.36,120.5 2 0
github.com/a861252012/testnet-wallet-lab/internal/chain/activity.go:123.2,123.33 1 10
github.com/a861252012/testnet-wallet-lab/internal/chain/activity.go:123.33,125.3 1 1
github.com/a861252012/testnet-wallet-lab/internal/chain/activity.go:127.2,128.16 2 9
github.com/a861252012/testnet-wallet-lab/internal/chain/activity.go:128.16,130.3 1 0
github.com/a861252012/testnet-wallet-lab/internal/chain/activity.go:131.2,131.33 1 9
github.com/a861252012/testnet-wallet-lab/internal/chain/activity.go:131.33,135.3 3 0
github.com/a861252012/testnet-wallet-lab/internal/chain/activity.go:136.2,137.32 2 9
github.com/a861252012/testnet-wallet-lab/internal/chain/activity.go:140.137,143.47 3 22
github.com/a861252012/testnet-wallet-lab/internal/chain/activity.go:143.47,145.3 1 1
github.com/a861252012/testnet-wallet-lab/internal/chain/activity.go:146.2,146.103 1 22
github.com/a861252012/testnet-wallet-lab/internal/chain/activity.go:146.103,147.24 1 36
github.com/a861252012/testnet-wallet-lab/internal/chain/activity.go:147.24,149.4 1 27
github.com/a861252012/testnet-wallet-lab/internal/chain/activity.go:151.2,151.19 1 22
github.com/a861252012/testnet-wallet-lab/internal/chain/activity.go:151.19,154.3 2 16
github.com/a861252012/testnet-wallet-lab/internal/chain/activity.go:155.2,155.47 1 22
github.com/a861252012/testnet-wallet-lab/internal/chain/activity.go:155.47,157.3 1 3
github.com/a861252012/testnet-wallet-lab/internal/chain/activity.go:158.2,158.19 1 19
github.com/a861252012/testnet-wallet-lab/internal/chain/activity.go:158.19,160.21 2 13
github.com/a861252012/testnet-wallet-lab/internal/chain/activity.go:160.21,162.4 1 13
github.com/a861252012/testnet-wallet-lab/internal/chain/activity.go:163.3,163.69 1 13
github.com/a861252012/testnet-wallet-lab/internal/chain/activity.go:165.2,165.41 1 19
github.com/a861252012/testnet-wallet-lab/internal/chain/activity.go:165.41,167.3 1 4
github.com/a861252012/testnet-wallet-lab/internal/chain/activity.go:168.2,170.27 3 19
github.com/a861252012/testnet-wallet-lab/internal/chain/activity.go:170.27,171.125 1 14
github.com/a861252012/testnet-wallet-lab/internal/chain/activity.go:171.125,173.4 1 2
github.com/a861252012/testnet-wallet-lab/internal/chain/activity.go:174.3,174.20 1 12
github.com/a861252012/testnet-wallet-lab/internal/chain/activity.go:174.20,176.4 1 1
github.com/a861252012/testnet-wallet-lab/internal/chain/activity.go:177.3,178.24 2 11
github.com/a861252012/testnet-wallet-lab/internal/chain/activity.go:178.24,179.12 1 1
github.com/a861252012/testnet-wallet-lab/internal/chain/activity.go:181.3,183.57 3 10
github.com/a861252012/testnet-wallet-lab/internal/chain/activity.go:183.57,184.104 1 1
github.com/a861252012/testnet-wallet-lab/internal/chain/activity.go:184.104,185.13 1 0
github.com/a861252012/testnet-wallet-lab/internal/chain/activity.go:187.4,187.33 1 1
github.com/a861252012/testnet-wallet-lab/internal/chain/activity.go:187.33,189.5 1 0
github.com/a861252012/testnet-wallet-lab/internal/chain/activity.go:190.4,190.33 1 1
github.com/a861252012/testnet-wallet-lab/internal/chain/activity.go:190.33,192.5 1 1
github.com/a861252012/testnet-wallet-lab/internal/chain/activity.go:195.3,195.155 1 10
github.com/a861252012/testnet-wallet-lab/internal/chain/activity.go:195.155,196.35 1 1
github.com/a861252012/testnet-wallet-lab/internal/chain/activity.go:196.35,198.5 1 0
github.com/a861252012/testnet-wallet-lab/internal/chain/activity.go:199.4,199.38 1 1
github.com/a861252012/testnet-wallet-lab/internal/chain/activity.go:199.38,202.5 2 1
github.com/a861252012/testnet-wallet-lab/internal/chain/activity.go:205.2,205.19 1 16
github.com/a861252012/testnet-wallet-lab/internal/chain/activity.go:209.154,210.44 1 1
github.com/a861252012/testnet-wallet-lab/internal/chain/activity.go:210.44,212.3 1 0
github.com/a861252012/testnet-wallet-lab/internal/chain/activity.go:213.2,214.16 2 1
github.com/a861252012/testnet-wallet-lab/internal/chain/activity.go:214.16,216.3 1 0
github.com/a861252012/testnet-wallet-lab/internal/chain/activity.go:217.2,218.15 2 1
github.com/a861252012/testnet-wallet-lab/internal/chain/activity.go:218.15,219.15 1 0
github.com/a861252012/testnet-wallet-lab/internal/chain/activity.go:219.15,221.4 1 0
github.com/a861252012/testnet-wallet-lab/internal/chain/activity.go:221.9,223.4 1 0
github.com/a861252012/testnet-wallet-lab/internal/chain/activity.go:225.2,225.16 1 1
github.com/a861252012/testnet-wallet-lab/internal/chain/activity.go:225.16,227.3 1 0
github.com/a861252012/testnet-wallet-lab/internal/chain/activity.go:228.2,228.19 1 1
github.com/a861252012/testnet-wallet-lab/internal/chain/activity.go:228.19,230.3 1 0
github.com/a861252012/testnet-wallet-lab/internal/chain/activity.go:231.2,233.30 3 1
github.com/a861252012/testnet-wallet-lab/internal/chain/activity.go:233.30,234.16 1 2
github.com/a861252012/testnet-wallet-lab/internal/chain/activity.go:234.16,237.4 2 1
github.com/a861252012/testnet-wallet-lab/internal/chain/activity.go:239.2,239.34 1 1
github.com/a861252012/testnet-wallet-lab/internal/chain/activity.go:239.34,240.31 1 2
github.com/a861252012/testnet-wallet-lab/internal/chain/activity.go:240.31,244.121 2 0
github.com/a861252012/testnet-wallet-lab/internal/chain/activity.go:244.121,246.5 1 0
github.com/a861252012/testnet-wallet-lab/internal/chain/activity.go:247.4,248.18 2 0
github.com/a861252012/testnet-wallet-lab/internal/chain/activity.go:248.18,250.5 1 0
github.com/a861252012/testnet-wallet-lab/internal/chain/activity.go:251.4,252.58 2 0
github.com/a861252012/testnet-wallet-lab/internal/chain/activity.go:252.58,254.5 1 0
github.com/a861252012/testnet-wallet-lab/internal/chain/activity.go:255.4,255.48 1 0
github.com/a861252012/testnet-wallet-lab/internal/chain/activity.go:255.48,256.62 1 0
github.com/a861252012/testnet-wallet-lab/internal/chain/activity.go:256.62,258.6 1 0
github.com/a861252012/testnet-wallet-lab/internal/chain/activity.go:260.4,260.12 1 0
github.com/a861252012/testnet-wallet-lab/internal/chain/activity.go:263.3,264.17 2 2
github.com/a861252012/testnet-wallet-lab/internal/chain/activity.go:264.17,266.4 1 0
github.com/a861252012/testnet-wallet-lab/internal/chain/activity.go:267.3,267.39 1 2
github.com/a861252012/testnet-wallet-lab/internal/chain/activity.go:267.39,269.18 2 0
github.com/a861252012/testnet-wallet-lab/internal/chain/activity.go:269.18,270.13 1 0
github.com/a861252012/testnet-wallet-lab/internal/chain/activity.go:272.4,272.64 1 0
github.com/a861252012/testnet-wallet-lab/internal/chain/activity.go:272.64,274.5 1 0
github.com/a861252012/testnet-wallet-lab/internal/chain/activity.go:277.2,278.30 2 1
github.com/a861252012/testnet-wallet-lab/internal/chain/activity.go:278.30,280.3 1 0
github.com/a861252012/testnet-wallet-lab/internal/chain/activity.go:281.2,282.36 2 1
github.com/a861252012/testnet-wallet-lab/internal/chain/activity.go:282.36,284.3 1 2
github.com/a861252012/testnet-wallet-lab/internal/chain/activity.go:285.2,285.36 1 1
github.com/a861252012/testnet-wallet-lab/internal/chain/activity.go:285.36,286.60 1 2
github.com/a861252012/testnet-wallet-lab/internal/chain/activity.go:286.60,289.4 2 1
github.com/a861252012/testnet-wallet-lab/internal/chain/activity.go:291.2,291.25 1 1
github.com/a861252012/testnet-wallet-lab/internal/chain/activity.go:291.25,293.3 1 0
github.com/a861252012/testnet-wallet-lab/internal/chain/activity.go:294.2,294.25 1 1
github.com/a861252012/testnet-wallet-lab/internal/chain/activity.go:294.25,296.3 1 0
github.com/a861252012/testnet-wallet-lab/internal/chain/activity.go:297.2,298.16 2 1
github.com/a861252012/testnet-wallet-lab/internal/chain/activity.go:298.16,300.3 1 0
github.com/a861252012/testnet-wallet-lab/internal/chain/activity.go:301.2,301.25 1 1
github.com/a861252012/testnet-wallet-lab/internal/chain/activity.go:301.25,302.218 1 2
github.com/a861252012/testnet-wallet-lab/internal/chain/activity.go:302.218,304.4 1 2
github.com/a861252012/testnet-wallet-lab/internal/chain/activity.go:306.2,306.20 1 1
github.com/a861252012/testnet-wallet-lab/internal/chain/activity.go:306.20,308.3 1 0
github.com/a861252012/testnet-wallet-lab/internal/chain/activity.go:309.2,309.28 1 1
github.com/a861252012/testnet-wallet-lab/internal/chain/boundary.go:73.51,80.2 1 1
github.com/a861252012/testnet-wallet-lab/internal/chain/boundary.go:89.51,97.2 1 2
github.com/a861252012/testnet-wallet-lab/internal/chain/boundary.go:121.63,128.24 2 4
github.com/a861252012/testnet-wallet-lab/internal/chain/boundary.go:128.24,131.3 2 3
github.com/a861252012/testnet-wallet-lab/internal/chain/boundary.go:132.2,132.32 1 4
github.com/a861252012/testnet-wallet-lab/internal/chain/boundary.go:132.32,134.3 1 3
github.com/a861252012/testnet-wallet-lab/internal/chain/boundary.go:135.2,135.25 1 4
github.com/a861252012/testnet-wallet-lab/internal/chain/boundary.go:135.25,138.3 2 3
github.com/a861252012/testnet-wallet-lab/internal/chain/boundary.go:139.2,139.15 1 4
github.com/a861252012/testnet-wallet-lab/internal/chain/boundary.go:158.57,160.31 2 13
github.com/a861252012/testnet-wallet-lab/internal/chain/boundary.go:160.31,168.3 1 11
github.com/a861252012/testnet-wallet-lab/internal/chain/boundary.go:169.2,169.15 1 13
github.com/a861252012/testnet-wallet-lab/internal/chain/boundary.go:183.52,191.24 2 13
github.com/a861252012/testnet-wallet-lab/internal/chain/boundary.go:191.24,194.3 2 9
github.com/a861252012/testnet-wallet-lab/internal/chain/boundary.go:195.2,195.28 1 13
github.com/a861252012/testnet-wallet-lab/internal/chain/boundary.go:195.28,197.3 1 9
github.com/a861252012/testnet-wallet-lab/internal/chain/boundary.go:198.2,198.15 1 13
github.com/a861252012/testnet-wallet-lab/internal/chain/boundary.go:224.60,226.16 2 2
github.com/a861252012/testnet-wallet-lab/internal/chain/boundary.go:226.16,228.3 1 0
github.com/a861252012/testnet-wallet-lab/internal/chain/boundary.go:229.2,233.40 2 2
github.com/a861252012/testnet-wallet-lab/internal/chain/boundary.go:233.40,235.87 2 2
github.com/a861252012/testnet-wallet-lab/internal/chain/boundary.go:235.87,237.4 1 1
github.com/a861252012/testnet-wallet-lab/internal/chain/boundary.go:238.3,242.19 2 1
github.com/a861252012/testnet-wallet-lab/internal/chain/boundary.go:242.19,243.72 1 1
github.com/a861252012/testnet-wallet-lab/internal/chain/boundary.go:243.72,245.5 1 0
github.com/a861252012/testnet-wallet-lab/internal/chain/boundary.go:246.4,246.64 1 1
github.com/a861252012/testnet-wallet-lab/internal/chain/boundary.go:249.2,249.20 1 1
github.com/a861252012/testnet-wallet-lab/internal/chain/boundary.go:252.57,253.37 1 24
github.com/a861252012/testnet-wallet-lab/internal/chain/boundary.go:253.37,255.3 1 3
github.com/a861252012/testnet-wallet-lab/internal/chain/boundary.go:256.2,256.37 1 21
github.com/a861252012/testnet-wallet-lab/internal/chain/boundary.go:271.70,272.40 1 11
github.com/a861252012/testnet-wallet-lab/internal/chain/boundary.go:272.40,274.3 1 2
github.com/a861252012/testnet-wallet-lab/internal/chain/boundary.go:275.2,276.16 2 9
github.com/a861252012/testnet-wallet-lab/internal/chain/boundary.go:276.16,278.3 1 1
github.com/a861252012/testnet-wallet-lab/internal/chain/boundary.go:279.2,280.16 2 8
github.com/a861252012/testnet-wallet-lab/internal/chain/boundary.go:280.16,282.3 1 1
github.com/a861252012/testnet-wallet-lab/internal/chain/boundary.go:283.2,284.16 2 7
github.com/a861252012/testnet-wallet-lab/internal/chain/boundary.go:284.16,286.3 1 2
github.com/a861252012/testnet-wallet-lab/internal/chain/boundary.go:287.2,287.99 1 5
github.com/a861252012/testnet-wallet-lab/internal/chain/boundary.go:296.68,302.36 2 1
github.com/a861252012/testnet-wallet-lab/internal/chain/boundary.go:302.36,304.3 1 1
github.com/a861252012/testnet-wallet-lab/internal/chain/boundary.go:305.2,305.37 1 1
github.com/a861252012/testnet-wallet-lab/internal/chain/boundary.go:305.37,307.3 1 1
github.com/a861252012/testnet-wallet-lab/internal/chain/boundary.go:308.2,308.15 1 1
github.com/a861252012/testnet-wallet-lab/internal/chain/chain.go:28.40,29.17 1 0
github.com/a861252012/testnet-wallet-lab/internal/chain/chain.go:30.17,31.19 1 0
github.com/a861252012/testnet-wallet-lab/internal/chain/chain.go:32.25,33.20 1 0
github.com/a861252012/testnet-wallet-lab/internal/chain/chain.go:34.21,35.16 1 0
github.com/a861252012/testnet-wallet-lab/internal/chain/chain.go:36.25,37.20 1 0
github.com/a861252012/testnet-wallet-lab/internal/chain/chain.go:38.21,39.19 1 0
github.com/a861252012/testnet-wallet-lab/internal/chain/chain.go:40.10,41.19 1 0
github.com/a861252012/testnet-wallet-lab/internal/chain/chain.go:63.34,64.20 1 148
github.com/a861252012/testnet-wallet-lab/internal/chain/chain.go:64.20,66.3 1 130
github.com/a861252012/testnet-wallet-lab/internal/chain/chain.go:67.2,67.18 1 18
github.com/a861252012/testnet-wallet-lab/internal/chain/chain.go:70.40,71.34 1 0
github.com/a861252012/testnet-wallet-lab/internal/chain/chain.go:71.34,73.3 1 0
github.com/a861252012/testnet-wallet-lab/internal/chain/chain.go:74.2,74.14 1 0
github.com/a861252012/testnet-wallet-lab/internal/chain/chain.go:77.44,79.79 2 43
github.com/a861252012/testnet-wallet-lab/internal/chain/chain.go:79.79,81.3 1 0
github.com/a861252012/testnet-wallet-lab/internal/chain/chain.go:82.2,83.16 2 43
github.com/a861252012/testnet-wallet-lab/internal/chain/chain.go:83.16,85.3 1 0
github.com/a861252012/testnet-wallet-lab/internal/chain/chain.go:86.2,86.29 1 43
github.com/a861252012/testnet-wallet-lab/internal/chain/chain.go:89.26,89.43 1 51
github.com/a861252012/testnet-wallet-lab/internal/chain/chain.go:91.59,93.24 2 66
github.com/a861252012/testnet-wallet-lab/internal/chain/chain.go:93.24,95.3 1 5
github.com/a861252012/testnet-wallet-lab/internal/chain/chain.go:96.2,97.16 2 66
github.com/a861252012/testnet-wallet-lab/internal/chain/chain.go:97.16,99.3 1 5
github.com/a861252012/testnet-wallet-lab/internal/chain/chain.go:100.2,100.48 1 61
github.com/a861252012/testnet-wallet-lab/internal/chain/chain.go:100.48,103.3 2 1
github.com/a861252012/testnet-wallet-lab/internal/chain/chain.go:104.2,106.12 3 60
github.com/a861252012/testnet-wallet-lab/internal/chain/chain.go:109.58,111.24 2 84
github.com/a861252012/testnet-wallet-lab/internal/chain/chain.go:111.24,113.3 1 11
github.com/a861252012/testnet-wallet-lab/internal/chain/chain.go:114.2,114.80 1 84
github.com/a861252012/testnet-wallet-lab/internal/chain/chain.go:114.80,116.3 1 22
github.com/a861252012/testnet-wallet-lab/internal/chain/chain.go:117.2,117.29 1 62
github.com/a861252012/testnet-wallet-lab/internal/chain/chain.go:120.65,121.44 1 4
github.com/a861252012/testnet-wallet-lab/internal/chain/chain.go:121.44,123.3 1 4
github.com/a861252012/testnet-wallet-lab/internal/chain/chain.go:124.2,125.16 2 0
github.com/a861252012/testnet-wallet-lab/internal/chain/chain.go:125.16,127.3 1 0
github.com/a861252012/testnet-wallet-lab/internal/chain/chain.go:128.2,133.9 1 0
github.com/a861252012/testnet-wallet-lab/internal/chain/chain.go:136.81,137.72 1 2
github.com/a861252012/testnet-wallet-lab/internal/chain/chain.go:137.72,139.3 1 1
github.com/a861252012/testnet-wallet-lab/internal/chain/chain.go:140.2,140.44 1 1
github.com/a861252012/testnet-wallet-lab/internal/chain/chain.go:140.44,142.3 1 0
github.com/a861252012/testnet-wallet-lab/internal/chain/chain.go:143.2,144.16 2 1
github.com/a861252012/testnet-wallet-lab/internal/chain/chain.go:144.16,146.3 1 0
github.com/a861252012/testnet-wallet-lab/internal/chain/chain.go:147.2,149.16 3 1
github.com/a861252012/testnet-wallet-lab/internal/chain/chain.go:149.16,151.3 1 0
github.com/a861252012/testnet-wallet-lab/internal/chain/chain.go:152.2,152.114 1 1
github.com/a861252012/testnet-wallet-lab/internal/chain/chain.go:156.37,159.26 3 10
github.com/a861252012/testnet-wallet-lab/internal/chain/chain.go:159.26,161.3 1 2
github.com/a861252012/testnet-wallet-lab/internal/chain/chain.go:162.2,163.98 2 8
github.com/a861252012/testnet-wallet-lab/internal/chain/chain.go:166.86,167.36 1 5
github.com/a861252012/testnet-wallet-lab/internal/chain/chain.go:167.36,169.3 1 1
github.com/a861252012/testnet-wallet-lab/internal/chain/chain.go:170.2,170.44 1 4
github.com/a861252012/testnet-wallet-lab/internal/chain/chain.go:170.44,172.3 1 0
github.com/a861252012/testnet-wallet-lab/internal/chain/chain.go:173.2,175.39 3 4
github.com/a861252012/testnet-wallet-lab/internal/chain/chain.go:175.39,177.46 2 1
github.com/a861252012/testnet-wallet-lab/internal/chain/chain.go:177.46,179.4 1 1
github.com/a861252012/testnet-wallet-lab/internal/chain/chain.go:180.3,180.23 1 0
github.com/a861252012/testnet-wallet-lab/internal/chain/chain.go:180.23,182.4 1 0
github.com/a861252012/testnet-wallet-lab/internal/chain/chain.go:183.3,184.14 2 0
github.com/a861252012/testnet-wallet-lab/internal/chain/chain.go:184.14,186.4 1 0
github.com/a861252012/testnet-wallet-lab/internal/chain/chain.go:187.3,187.105 1 0
github.com/a861252012/testnet-wallet-lab/internal/chain/chain.go:189.2,189.16 1 3
github.com/a861252012/testnet-wallet-lab/internal/chain/chain.go:189.16,191.3 1 0
github.com/a861252012/testnet-wallet-lab/internal/chain/chain.go:192.2,192.74 1 3
github.com/a861252012/testnet-wallet-lab/internal/chain/chain.go:192.74,194.3 1 0
github.com/a861252012/testnet-wallet-lab/internal/chain/chain.go:195.2,196.16 2 3
github.com/a861252012/testnet-wallet-lab/internal/chain/chain.go:196.16,198.3 1 0
github.com/a861252012/testnet-wallet-lab/internal/chain/chain.go:199.2,199.37 1 3
github.com/a861252012/testnet-wallet-lab/internal/chain/chain.go:199.37,201.3 1 1
github.com/a861252012/testnet-wallet-lab/internal/chain/chain.go:202.2,203.16 2 2
github.com/a861252012/testnet-wallet-lab/internal/chain/chain.go:203.16,205.3 1 0
github.com/a861252012/testnet-wallet-lab/internal/chain/chain.go:206.2,206.40 1 2
github.com/a861252012/testnet-wallet-lab/internal/chain/chain.go:206.40,208.3 1 0
github.com/a861252012/testnet-wallet-lab/internal/chain/chain.go:209.2,210.47 2 2
github.com/a861252012/testnet-wallet-lab/internal/chain/chain.go:210.47,212.3 1 1
github.com/a861252012/testnet-wallet-lab/internal/chain/chain.go:213.2,216.141 4 2
github.com/a861252012/testnet-wallet-lab/internal/chain/chain.go:216.141,218.110 1 2
github.com/a861252012/testnet-wallet-lab/internal/chain/chain.go:218.110,220.4 1 2
github.com/a861252012/testnet-wallet-lab/internal/chain/chain.go:222.2,223.16 2 2
github.com/a861252012/testnet-wallet-lab/internal/chain/chain.go:223.16,225.3 1 0
github.com/a861252012/testnet-wallet-lab/internal/chain/chain.go:226.2,236.9 1 2
github.com/a861252012/testnet-wallet-lab/internal/chain/chain.go:239.32,240.46 1 11
github.com/a861252012/testnet-wallet-lab/internal/chain/chain.go:240.46,242.3 1 3
github.com/a861252012/testnet-wallet-lab/internal/chain/chain.go:243.2,243.23 1 8
github.com/a861252012/testnet-wallet-lab/internal/chain/diagnostics.go:19.44,21.32 2 2
github.com/a861252012/testnet-wallet-lab/internal/chain/diagnostics.go:21.32,30.3 1 1
github.com/a861252012/testnet-wallet-lab/internal/chain/diagnostics.go:31.2,31.15 1 2
github.com/a861252012/testnet-wallet-lab/internal/chain/fallback.go:19.55,19.98 1 3
github.com/a861252012/testnet-wallet-lab/internal/chain/fallback.go:21.69,22.146 1 15
github.com/a861252012/testnet-wallet-lab/internal/chain/fallback.go:22.146,24.3 1 7
github.com/a861252012/testnet-wallet-lab/internal/chain/fallback.go:25.2,25.47 1 8
github.com/a861252012/testnet-wallet-lab/internal/chain/fallback.go:25.47,27.3 1 0
github.com/a861252012/testnet-wallet-lab/internal/chain/fallback.go:28.2,29.37 2 8
github.com/a861252012/testnet-wallet-lab/internal/chain/fallback.go:29.37,31.80 2 10
github.com/a861252012/testnet-wallet-lab/internal/chain/fallback.go:31.80,33.4 1 0
github.com/a861252012/testnet-wallet-lab/internal/chain/fallback.go:34.3,34.17 1 10
github.com/a861252012/testnet-wallet-lab/internal/chain/fallback.go:36.2,38.16 3 8
github.com/a861252012/testnet-wallet-lab/internal/chain/fallback.go:38.16,40.3 1 0
github.com/a861252012/testnet-wallet-lab/internal/chain/fallback.go:41.2,41.90 1 8
github.com/a861252012/testnet-wallet-lab/internal/chain/fallback.go:56.86,64.26 8 5
github.com/a861252012/testnet-wallet-lab/internal/chain/fallback.go:64.26,67.3 2 0
github.com/a861252012/testnet-wallet-lab/internal/chain/fallback.go:68.2,71.16 4 5
github.com/a861252012/testnet-wallet-lab/internal/chain/fallback.go:71.16,73.3 1 0
github.com/a861252012/testnet-wallet-lab/internal/chain/fallback.go:74.2,79.100 4 5
github.com/a861252012/testnet-wallet-lab/internal/chain/fallback.go:79.100,81.3 1 0
github.com/a861252012/testnet-wallet-lab/internal/chain/fallback.go:82.2,83.47 2 5
github.com/a861252012/testnet-wallet-lab/internal/chain/fallback.go:83.47,85.3 1 1
github.com/a861252012/testnet-wallet-lab/internal/chain/fallback.go:86.2,86.13 1 4
github.com/a861252012/testnet-wallet-lab/internal/chain/fallback.go:89.139,95.26 6 17
github.com/a861252012/testnet-wallet-lab/internal/chain/fallback.go:95.26,98.3 2 0
github.com/a861252012/testnet-wallet-lab/internal/chain/fallback.go:99.2,102.16 4 17
github.com/a861252012/testnet-wallet-lab/internal/chain/fallback.go:102.16,105.3 2 1
github.com/a861252012/testnet-wallet-lab/internal/chain/fallback.go:106.2,106.85 1 16
github.com/a861252012/testnet-wallet-lab/internal/chain/fallback.go:106.85,110.3 3 1
github.com/a861252012/testnet-wallet-lab/internal/chain/fallback.go:111.2,111.30 1 15
github.com/a861252012/testnet-wallet-lab/internal/chain/fallback.go:114.82,118.15 4 16
github.com/a861252012/testnet-wallet-lab/internal/chain/fallback.go:118.15,120.15 2 16
github.com/a861252012/testnet-wallet-lab/internal/chain/fallback.go:120.15,122.4 1 1
github.com/a861252012/testnet-wallet-lab/internal/chain/fallback.go:124.2,126.44 3 16
github.com/a861252012/testnet-wallet-lab/internal/chain/fallback.go:126.44,128.3 1 0
github.com/a861252012/testnet-wallet-lab/internal/chain/fallback.go:130.2,131.22 2 16
github.com/a861252012/testnet-wallet-lab/internal/chain/fallback.go:131.22,134.33 3 13
github.com/a861252012/testnet-wallet-lab/internal/chain/fallback.go:134.33,136.4 1 0
github.com/a861252012/testnet-wallet-lab/internal/chain/fallback.go:137.3,138.21 2 13
github.com/a861252012/testnet-wallet-lab/internal/chain/fallback.go:138.21,142.4 3 11
github.com/a861252012/testnet-wallet-lab/internal/chain/fallback.go:143.3,143.33 1 2
github.com/a861252012/testnet-wallet-lab/internal/chain/fallback.go:143.33,145.4 1 1
github.com/a861252012/testnet-wallet-lab/internal/chain/fallback.go:146.3,147.18 2 1
github.com/a861252012/testnet-wallet-lab/internal/chain/fallback.go:150.2,151.53 2 4
github.com/a861252012/testnet-wallet-lab/internal/chain/fallback.go:151.53,154.33 3 5
github.com/a861252012/testnet-wallet-lab/internal/chain/fallback.go:154.33,156.4 1 0
github.com/a861252012/testnet-wallet-lab/internal/chain/fallback.go:157.3,157.38 1 5
github.com/a861252012/testnet-wallet-lab/internal/chain/fallback.go:157.38,158.12 1 1
github.com/a861252012/testnet-wallet-lab/internal/chain/fallback.go:160.3,161.21 2 4
github.com/a861252012/testnet-wallet-lab/internal/chain/fallback.go:161.21,162.12 1 0
github.com/a861252012/testnet-wallet-lab/internal/chain/fallback.go:164.3,165.21 2 4
github.com/a861252012/testnet-wallet-lab/internal/chain/fallback.go:165.21,166.61 1 2
github.com/a861252012/testnet-wallet-lab/internal/chain/fallback.go:166.61,168.5 1 2
github.com/a861252012/testnet-wallet-lab/internal/chain/fallback.go:169.9,171.4 1 2
github.com/a861252012/testnet-wallet-lab/internal/chain/fallback.go:172.3,174.19 3 4
github.com/a861252012/testnet-wallet-lab/internal/chain/fallback.go:176.2,176.28 1 0
github.com/a861252012/testnet-wallet-lab/internal/chain/fallback.go:184.36,184.91 3 15
github.com/a861252012/testnet-wallet-lab/internal/chain/opfees.go:19.35,19.93 1 17
github.com/a861252012/testnet-wallet-lab/internal/chain/opfees.go:22.90,23.20 1 2
github.com/a861252012/testnet-wallet-lab/internal/chain/opfees.go:23.20,25.3 1 0
github.com/a861252012/testnet-wallet-lab/internal/chain/opfees.go:26.2,27.16 2 2
github.com/a861252012/testnet-wallet-lab/internal/chain/opfees.go:27.16,29.3 1 0
github.com/a861252012/testnet-wallet-lab/internal/chain/opfees.go:30.2,31.16 2 2
github.com/a861252012/testnet-wallet-lab/internal/chain/opfees.go:31.16,33.3 1 0
github.com/a861252012/testnet-wallet-lab/internal/chain/opfees.go:34.2,35.16 2 2
github.com/a861252012/testnet-wallet-lab/internal/chain/opfees.go:35.16,37.3 1 0
github.com/a861252012/testnet-wallet-lab/internal/chain/opfees.go:38.2,38.44 1 2
github.com/a861252012/testnet-wallet-lab/internal/chain/opfees.go:41.122,46.22 5 6
github.com/a861252012/testnet-wallet-lab/internal/chain/opfees.go:46.22,48.3 1 4
github.com/a861252012/testnet-wallet-lab/internal/chain/opfees.go:48.8,50.3 1 2
github.com/a861252012/testnet-wallet-lab/internal/chain/opfees.go:51.2,51.16 1 6
github.com/a861252012/testnet-wallet-lab/internal/chain/opfees.go:51.16,53.3 1 0
github.com/a861252012/testnet-wallet-lab/internal/chain/opfees.go:54.2,54.20 1 6
github.com/a861252012/testnet-wallet-lab/internal/chain/opfees.go:54.20,56.3 1 0
github.com/a861252012/testnet-wallet-lab/internal/chain/opfees.go:57.2,57.40 1 6
github.com/a861252012/testnet-wallet-lab/internal/chain/opfees.go:61.92,63.20 2 7
github.com/a861252012/testnet-wallet-lab/internal/chain/opfees.go:63.20,65.3 1 2
github.com/a861252012/testnet-wallet-lab/internal/chain/opfees.go:66.2,67.108 2 5
github.com/a861252012/testnet-wallet-lab/internal/chain/opfees.go:67.108,69.3 1 1
github.com/a861252012/testnet-wallet-lab/internal/chain/opfees.go:70.2,71.99 2 4
github.com/a861252012/testnet-wallet-lab/internal/chain/opfees.go:71.99,73.3 1 2
github.com/a861252012/testnet-wallet-lab/internal/chain/opfees.go:74.2,75.16 2 2
github.com/a861252012/testnet-wallet-lab/internal/chain/opfees.go:75.16,77.3 1 0
github.com/a861252012/testnet-wallet-lab/internal/chain/opfees.go:78.2,78.67 1 2
github.com/a861252012/testnet-wallet-lab/internal/chain/rpc.go:16.39,17.16 1 8
github.com/a861252012/testnet-wallet-lab/internal/chain/rpc.go:17.16,19.3 1 0
github.com/a861252012/testnet-wallet-lab/internal/chain/rpc.go:20.2,20.49 1 8
github.com/a861252012/testnet-wallet-lab/internal/chain/rpc.go:20.49,22.3 1 1
github.com/a861252012/testnet-wallet-lab/internal/chain/rpc.go:23.2,24.103 2 7
github.com/a861252012/testnet-wallet-lab/internal/chain/rpc.go:28.58,30.2 1 4
github.com/a861252012/testnet-wallet-lab/internal/chain/rpc.go:33.94,34.44 1 11
github.com/a861252012/testnet-wallet-lab/internal/chain/rpc.go:34.44,36.3 1 0
github.com/a861252012/testnet-wallet-lab/internal/chain/rpc.go:37.2,38.16 2 11
github.com/a861252012/testnet-wallet-lab/internal/chain/rpc.go:38.16,40.3 1 0
github.com/a861252012/testnet-wallet-lab/internal/chain/rpc.go:41.2,41.15 1 11
github.com/a861252012/testnet-wallet-lab/internal/chain/rpc.go:45.74,46.44 1 0
github.com/a861252012/testnet-wallet-lab/internal/chain/rpc.go:46.44,48.3 1 0
github.com/a861252012/testnet-wallet-lab/internal/chain/rpc.go:49.2,50.16 2 0
github.com/a861252012/testnet-wallet-lab/internal/chain/rpc.go:50.16,52.3 1 0
github.com/a861252012/testnet-wallet-lab/internal/chain/rpc.go:53.2,53.17 1 0
github.com/a861252012/testnet-wallet-lab/internal/chain/rpc.go:57.89,58.44 1 0
[...]
github.com/a861252012/testnet-wallet-lab/internal/wallet/tron.go:478.8,480.3 1 9
github.com/a861252012/testnet-wallet-lab/internal/wallet/tron.go:481.2,481.37 1 12
github.com/a861252012/testnet-wallet-lab/internal/wallet/tron.go:481.37,483.3 1 0
github.com/a861252012/testnet-wallet-lab/internal/wallet/tron.go:484.2,485.16 2 12
github.com/a861252012/testnet-wallet-lab/internal/wallet/tron.go:487.84,488.26 1 3
github.com/a861252012/testnet-wallet-lab/internal/wallet/tron.go:488.26,490.3 1 0
github.com/a861252012/testnet-wallet-lab/internal/wallet/tron.go:491.2,493.13 3 3
github.com/a861252012/testnet-wallet-lab/internal/wallet/tron.go:493.13,495.3 1 0
github.com/a861252012/testnet-wallet-lab/internal/wallet/tron.go:496.2,497.30 2 3
github.com/a861252012/testnet-wallet-lab/internal/wallet/tron.go:497.30,498.24 1 3
github.com/a861252012/testnet-wallet-lab/internal/wallet/tron.go:498.24,499.55 1 3
github.com/a861252012/testnet-wallet-lab/internal/wallet/tron.go:499.55,502.5 2 1
github.com/a861252012/testnet-wallet-lab/internal/wallet/tron.go:503.4,503.30 1 2
github.com/a861252012/testnet-wallet-lab/internal/wallet/tron.go:506.2,506.46 1 0
github.com/a861252012/testnet-wallet-lab/internal/wallet/tron.go:508.74,511.37 3 12
github.com/a861252012/testnet-wallet-lab/internal/wallet/tron.go:511.37,513.3 1 1
github.com/a861252012/testnet-wallet-lab/internal/wallet/tron.go:514.2,515.22 2 11
github.com/a861252012/testnet-wallet-lab/internal/wallet/tron.go:515.22,517.18 2 13
github.com/a861252012/testnet-wallet-lab/internal/wallet/tron.go:517.18,518.12 1 3
github.com/a861252012/testnet-wallet-lab/internal/wallet/tron.go:520.3,520.23 1 10
github.com/a861252012/testnet-wallet-lab/internal/wallet/tron.go:520.23,522.4 1 0
github.com/a861252012/testnet-wallet-lab/internal/wallet/tron.go:523.3,531.57 2 10
github.com/a861252012/testnet-wallet-lab/internal/wallet/tron.go:531.57,532.95 1 5
github.com/a861252012/testnet-wallet-lab/internal/wallet/tron.go:532.95,534.5 1 1
github.com/a861252012/testnet-wallet-lab/internal/wallet/tron.go:535.4,535.142 1 4
github.com/a861252012/testnet-wallet-lab/internal/wallet/tron.go:535.142,537.5 1 0
github.com/a861252012/testnet-wallet-lab/internal/wallet/tron.go:539.3,547.135 2 9
github.com/a861252012/testnet-wallet-lab/internal/wallet/tron.go:547.135,549.4 1 0
github.com/a861252012/testnet-wallet-lab/internal/wallet/tron.go:550.3,550.20 1 9
github.com/a861252012/testnet-wallet-lab/internal/wallet/tron.go:550.20,551.81 1 5
github.com/a861252012/testnet-wallet-lab/internal/wallet/tron.go:551.81,557.5 3 1
github.com/a861252012/testnet-wallet-lab/internal/wallet/tron.go:558.4,558.12 1 5
github.com/a861252012/testnet-wallet-lab/internal/wallet/tron.go:560.3,560.72 1 4
github.com/a861252012/testnet-wallet-lab/internal/wallet/tron.go:560.72,562.4 1 0
github.com/a861252012/testnet-wallet-lab/internal/wallet/tron.go:563.3,566.97 4 4
github.com/a861252012/testnet-wallet-lab/internal/wallet/tron.go:566.97,568.22 2 0
github.com/a861252012/testnet-wallet-lab/internal/wallet/tron.go:568.22,570.5 1 0
github.com/a861252012/testnet-wallet-lab/internal/wallet/tron.go:572.3,572.49 1 4
github.com/a861252012/testnet-wallet-lab/internal/wallet/tron.go:572.49,573.37 1 1
github.com/a861252012/testnet-wallet-lab/internal/wallet/tron.go:573.37,575.5 1 0
github.com/a861252012/testnet-wallet-lab/internal/wallet/tron.go:576.4,578.77 3 1
github.com/a861252012/testnet-wallet-lab/internal/wallet/tron.go:578.77,580.5 1 0
github.com/a861252012/testnet-wallet-lab/internal/wallet/tron.go:581.4,581.11 1 1
github.com/a861252012/testnet-wallet-lab/internal/wallet/tron.go:581.11,584.5 2 1
github.com/a861252012/testnet-wallet-lab/internal/wallet/tron.go:586.3,586.50 1 4
github.com/a861252012/testnet-wallet-lab/internal/wallet/tron.go:588.2,588.36 1 10
github.com/a861252012/testnet-wallet-lab/internal/wallet/tron.go:588.36,589.38 1 5
github.com/a861252012/testnet-wallet-lab/internal/wallet/tron.go:589.38,591.4 1 0
github.com/a861252012/testnet-wallet-lab/internal/wallet/tron.go:593.2,594.58 2 10
github.com/a861252012/testnet-wallet-lab/internal/wallet/tron.go:594.58,596.3 1 12
github.com/a861252012/testnet-wallet-lab/internal/wallet/tron.go:597.2,597.18 1 10
github.com/a861252012/testnet-wallet-lab/internal/wallet/tron_rpc.go:24.49,29.2 4 81
github.com/a861252012/testnet-wallet-lab/internal/wallet/tron_rpc.go:30.55,31.24 1 158
github.com/a861252012/testnet-wallet-lab/internal/wallet/tron_rpc.go:31.24,33.3 1 3
github.com/a861252012/testnet-wallet-lab/internal/wallet/tron_rpc.go:34.2,35.54 2 155
github.com/a861252012/testnet-wallet-lab/internal/wallet/tron_rpc.go:35.54,37.3 1 0
github.com/a861252012/testnet-wallet-lab/internal/wallet/tron_rpc.go:38.2,40.86 3 155
github.com/a861252012/testnet-wallet-lab/internal/wallet/tron_rpc.go:40.86,42.3 1 2
github.com/a861252012/testnet-wallet-lab/internal/wallet/tron_rpc.go:43.2,43.23 1 153
github.com/a861252012/testnet-wallet-lab/internal/wallet/tron_rpc.go:45.86,47.16 2 207
github.com/a861252012/testnet-wallet-lab/internal/wallet/tron_rpc.go:47.16,49.3 1 0
github.com/a861252012/testnet-wallet-lab/internal/wallet/tron_rpc.go:50.2,51.16 2 207
github.com/a861252012/testnet-wallet-lab/internal/wallet/tron_rpc.go:51.16,53.3 1 0
github.com/a861252012/testnet-wallet-lab/internal/wallet/tron_rpc.go:54.2,55.20 2 207
github.com/a861252012/testnet-wallet-lab/internal/wallet/tron_rpc.go:55.20,57.3 1 0
github.com/a861252012/testnet-wallet-lab/internal/wallet/tron_rpc.go:58.2,59.16 2 207
github.com/a861252012/testnet-wallet-lab/internal/wallet/tron_rpc.go:59.16,61.3 1 0
github.com/a861252012/testnet-wallet-lab/internal/wallet/tron_rpc.go:62.2,64.73 3 207
github.com/a861252012/testnet-wallet-lab/internal/wallet/tron_rpc.go:64.73,66.3 1 10
github.com/a861252012/testnet-wallet-lab/internal/wallet/tron_rpc.go:67.2,70.66 2 197
github.com/a861252012/testnet-wallet-lab/internal/wallet/tron_rpc.go:70.66,72.3 1 0
github.com/a861252012/testnet-wallet-lab/internal/wallet/tron_rpc.go:73.2,73.41 1 197
github.com/a861252012/testnet-wallet-lab/internal/wallet/tron_rpc.go:73.41,75.3 1 0
github.com/a861252012/testnet-wallet-lab/internal/wallet/tron_rpc.go:76.2,76.12 1 197
github.com/a861252012/testnet-wallet-lab/internal/wallet/tron_rpc.go:78.56,82.95 2 62
github.com/a861252012/testnet-wallet-lab/internal/wallet/tron_rpc.go:82.95,84.3 1 0
github.com/a861252012/testnet-wallet-lab/internal/wallet/tron_rpc.go:85.2,85.35 1 62
github.com/a861252012/testnet-wallet-lab/internal/wallet/tron_rpc.go:85.35,87.3 1 2
github.com/a861252012/testnet-wallet-lab/internal/wallet/tron_rpc.go:88.2,88.12 1 60
github.com/a861252012/testnet-wallet-lab/internal/wallet/tron_rpc.go:96.90,97.53 1 46
github.com/a861252012/testnet-wallet-lab/internal/wallet/tron_rpc.go:97.53,99.3 1 0
github.com/a861252012/testnet-wallet-lab/internal/wallet/tron_rpc.go:100.2,101.120 2 46
github.com/a861252012/testnet-wallet-lab/internal/wallet/tron_rpc.go:101.120,103.3 1 0
github.com/a861252012/testnet-wallet-lab/internal/wallet/tron_rpc.go:104.2,104.24 1 46
github.com/a861252012/testnet-wallet-lab/internal/wallet/tron_rpc.go:104.24,106.3 1 0
github.com/a861252012/testnet-wallet-lab/internal/wallet/tron_rpc.go:107.2,107.21 1 46
github.com/a861252012/testnet-wallet-lab/internal/wallet/tron_rpc.go:109.90,110.37 1 1
github.com/a861252012/testnet-wallet-lab/internal/wallet/tron_rpc.go:110.37,112.3 1 0
github.com/a861252012/testnet-wallet-lab/internal/wallet/tron_rpc.go:113.2,114.16 2 1
github.com/a861252012/testnet-wallet-lab/internal/wallet/tron_rpc.go:114.16,116.3 1 0
github.com/a861252012/testnet-wallet-lab/internal/wallet/tron_rpc.go:117.2,125.131 2 1
github.com/a861252012/testnet-wallet-lab/internal/wallet/tron_rpc.go:125.131,127.3 1 0
github.com/a861252012/testnet-wallet-lab/internal/wallet/tron_rpc.go:128.2,132.8 1 1
github.com/a861252012/testnet-wallet-lab/internal/wallet/tron_rpc.go:134.121,135.54 1 35
github.com/a861252012/testnet-wallet-lab/internal/wallet/tron_rpc.go:135.54,137.3 1 0
github.com/a861252012/testnet-wallet-lab/internal/wallet/tron_rpc.go:138.2,139.16 2 35
github.com/a861252012/testnet-wallet-lab/internal/wallet/tron_rpc.go:139.16,141.3 1 0
github.com/a861252012/testnet-wallet-lab/internal/wallet/tron_rpc.go:142.2,148.76 3 35
github.com/a861252012/testnet-wallet-lab/internal/wallet/tron_rpc.go:148.76,150.3 1 0
github.com/a861252012/testnet-wallet-lab/internal/wallet/tron_rpc.go:151.2,152.16 2 35
github.com/a861252012/testnet-wallet-lab/internal/wallet/tron_rpc.go:152.16,154.3 1 0
github.com/a861252012/testnet-wallet-lab/internal/wallet/tron_rpc.go:155.2,155.32 1 35
github.com/a861252012/testnet-wallet-lab/internal/wallet/tron_rpc.go:166.94,168.16 2 9
github.com/a861252012/testnet-wallet-lab/internal/wallet/tron_rpc.go:168.16,170.3 1 0
github.com/a861252012/testnet-wallet-lab/internal/wallet/tron_rpc.go:171.2,172.69 2 9
github.com/a861252012/testnet-wallet-lab/internal/wallet/tron_rpc.go:172.69,174.28 2 27
github.com/a861252012/testnet-wallet-lab/internal/wallet/tron_rpc.go:174.28,176.4 1 9
github.com/a861252012/testnet-wallet-lab/internal/wallet/tron_rpc.go:177.3,178.17 2 27
github.com/a861252012/testnet-wallet-lab/internal/wallet/tron_rpc.go:178.17,180.4 1 0
github.com/a861252012/testnet-wallet-lab/internal/wallet/tron_rpc.go:181.3,182.37 2 27
github.com/a861252012/testnet-wallet-lab/internal/wallet/tron_rpc.go:182.37,184.4 1 0
github.com/a861252012/testnet-wallet-lab/internal/wallet/tron_rpc.go:185.3,185.17 1 27
github.com/a861252012/testnet-wallet-lab/internal/wallet/tron_rpc.go:186.17,188.56 2 9
github.com/a861252012/testnet-wallet-lab/internal/wallet/tron_rpc.go:188.56,190.5 1 0
github.com/a861252012/testnet-wallet-lab/internal/wallet/tron_rpc.go:191.19,193.27 2 9
github.com/a861252012/testnet-wallet-lab/internal/wallet/tron_rpc.go:193.27,195.5 1 0
github.com/a861252012/testnet-wallet-lab/internal/wallet/tron_rpc.go:196.20,198.58 2 9
github.com/a861252012/testnet-wallet-lab/internal/wallet/tron_rpc.go:201.2,201.19 1 9
github.com/a861252012/testnet-wallet-lab/internal/wallet/tron_rpc.go:203.94,204.37 1 0
github.com/a861252012/testnet-wallet-lab/internal/wallet/tron_rpc.go:204.37,206.3 1 0
github.com/a861252012/testnet-wallet-lab/internal/wallet/tron_rpc.go:207.2,207.38 1 0
github.com/a861252012/testnet-wallet-lab/internal/wallet/tron_rpc.go:212.63,216.2 3 189
github.com/a861252012/testnet-wallet-lab/internal/wallet/tron_rpc.go:217.60,218.16 1 75
github.com/a861252012/testnet-wallet-lab/internal/wallet/tron_rpc.go:218.16,220.3 1 11
github.com/a861252012/testnet-wallet-lab/internal/wallet/tron_rpc.go:221.2,222.49 2 64
github.com/a861252012/testnet-wallet-lab/internal/wallet/tron_rpc.go:224.128,226.36 2 16
github.com/a861252012/testnet-wallet-lab/internal/wallet/tron_rpc.go:226.36,228.3 1 0
github.com/a861252012/testnet-wallet-lab/internal/wallet/tron_rpc.go:229.2,232.24 4 16
github.com/a861252012/testnet-wallet-lab/internal/wallet/tron_rpc.go:232.24,235.3 2 11
github.com/a861252012/testnet-wallet-lab/internal/wallet/tron_rpc.go:235.8,239.17 4 5
github.com/a861252012/testnet-wallet-lab/internal/wallet/tron_rpc.go:239.17,241.4 1 0
github.com/a861252012/testnet-wallet-lab/internal/wallet/tron_rpc.go:242.3,243.40 2 5
github.com/a861252012/testnet-wallet-lab/internal/wallet/tron_rpc.go:245.2,255.17 11 16
github.com/a861252012/testnet-wallet-lab/internal/wallet/tron_rpc.go:257.38,260.2 2 10
github.com/a861252012/testnet-wallet-lab/internal/wallet/types.go:41.50,42.41 1 179
github.com/a861252012/testnet-wallet-lab/internal/wallet/types.go:42.41,44.3 1 0
github.com/a861252012/testnet-wallet-lab/internal/wallet/types.go:45.2,45.28 1 179
github.com/a861252012/testnet-wallet-lab/internal/wallet/types.go:48.56,49.37 1 5405
github.com/a861252012/testnet-wallet-lab/internal/wallet/types.go:49.37,51.3 1 0
github.com/a861252012/testnet-wallet-lab/internal/wallet/types.go:52.2,52.28 1 5405
github.com/a861252012/testnet-wallet-lab/internal/wallet/types.go:57.56,59.16 2 237
github.com/a861252012/testnet-wallet-lab/internal/wallet/types.go:59.16,61.3 1 0
github.com/a861252012/testnet-wallet-lab/internal/wallet/types.go:62.2,62.39 1 237
github.com/a861252012/testnet-wallet-lab/internal/wallet/types.go:67.66,68.48 1 5366
github.com/a861252012/testnet-wallet-lab/internal/wallet/types.go:68.48,70.3 1 1
github.com/a861252012/testnet-wallet-lab/internal/wallet/types.go:71.2,71.36 1 5365
github.com/a861252012/testnet-wallet-lab/internal/wallet/types.go:86.69,87.20 1 124
github.com/a861252012/testnet-wallet-lab/internal/wallet/types.go:87.20,89.3 1 0
github.com/a861252012/testnet-wallet-lab/internal/wallet/types.go:90.2,91.16 2 124
github.com/a861252012/testnet-wallet-lab/internal/wallet/types.go:91.16,93.3 1 1
github.com/a861252012/testnet-wallet-lab/internal/wallet/types.go:94.2,96.55 3 123
github.com/a861252012/testnet-wallet-lab/internal/wallet/types.go:96.55,98.17 2 19
github.com/a861252012/testnet-wallet-lab/internal/wallet/types.go:98.17,100.4 1 1
github.com/a861252012/testnet-wallet-lab/internal/wallet/types.go:101.8,102.23 1 104
github.com/a861252012/testnet-wallet-lab/internal/wallet/types.go:102.23,104.18 2 104
github.com/a861252012/testnet-wallet-lab/internal/wallet/types.go:104.18,106.5 1 0
github.com/a861252012/testnet-wallet-lab/internal/wallet/types.go:107.9,109.4 1 0
github.com/a861252012/testnet-wallet-lab/internal/wallet/types.go:110.3,110.29 1 104
github.com/a861252012/testnet-wallet-lab/internal/wallet/types.go:110.29,111.18 1 70
github.com/a861252012/testnet-wallet-lab/internal/wallet/types.go:112.24,113.88 1 0
github.com/a861252012/testnet-wallet-lab/internal/wallet/types.go:114.23,115.88 1 0
github.com/a861252012/testnet-wallet-lab/internal/wallet/types.go:118.3,118.29 1 104
github.com/a861252012/testnet-wallet-lab/internal/wallet/types.go:118.29,119.69 1 34
github.com/a861252012/testnet-wallet-lab/internal/wallet/types.go:119.69,121.5 1 1
github.com/a861252012/testnet-wallet-lab/internal/wallet/types.go:122.4,123.18 2 33
github.com/a861252012/testnet-wallet-lab/internal/wallet/types.go:123.18,125.5 1 0
github.com/a861252012/testnet-wallet-lab/internal/wallet/types.go:127.3,127.29 1 103
github.com/a861252012/testnet-wallet-lab/internal/wallet/types.go:127.29,129.18 2 17
github.com/a861252012/testnet-wallet-lab/internal/wallet/types.go:129.18,131.5 1 0
github.com/a861252012/testnet-wallet-lab/internal/wallet/types.go:134.2,138.8 1 121
github.com/a861252012/testnet-wallet-lab/internal/wallet/types.go:147.87,148.20 1 3
github.com/a861252012/testnet-wallet-lab/internal/wallet/types.go:148.20,150.3 1 0
github.com/a861252012/testnet-wallet-lab/internal/wallet/types.go:151.2,152.16 2 3
github.com/a861252012/testnet-wallet-lab/internal/wallet/types.go:152.16,154.3 1 0
github.com/a861252012/testnet-wallet-lab/internal/wallet/types.go:155.2,156.16 2 3
github.com/a861252012/testnet-wallet-lab/internal/wallet/types.go:156.16,158.3 1 0
github.com/a861252012/testnet-wallet-lab/internal/wallet/types.go:159.2,159.26 1 3
github.com/a861252012/testnet-wallet-lab/internal/wallet/types.go:159.26,161.3 1 1
github.com/a861252012/testnet-wallet-lab/internal/wallet/types.go:162.2,162.99 1 2
github.com/a861252012/testnet-wallet-lab/internal/wallet/types.go:223.70,225.16 2 202
github.com/a861252012/testnet-wallet-lab/internal/wallet/types.go:226.156,227.21 1 201
github.com/a861252012/testnet-wallet-lab/internal/wallet/types.go:228.10,229.62 1 1
github.com/a861252012/testnet-wallet-lab/internal/wallet/types.go:246.60,248.15 2 5388
github.com/a861252012/testnet-wallet-lab/internal/wallet/types.go:250.76,251.20 1 5387
github.com/a861252012/testnet-wallet-lab/internal/wallet/types.go:252.10,253.62 1 1
github.com/a861252012/testnet-wallet-lab/internal/wallet/vault.go:23.34,25.16 2 1
github.com/a861252012/testnet-wallet-lab/internal/wallet/vault.go:25.16,26.55 1 0
github.com/a861252012/testnet-wallet-lab/internal/wallet/vault.go:28.2,28.15 1 1
github.com/a861252012/testnet-wallet-lab/internal/wallet/vault.go:40.41,41.43 1 4
github.com/a861252012/testnet-wallet-lab/internal/wallet/vault.go:41.43,43.3 1 1
github.com/a861252012/testnet-wallet-lab/internal/wallet/vault.go:44.2,44.23 1 3
github.com/a861252012/testnet-wallet-lab/internal/wallet/vault.go:48.57,49.43 1 6
github.com/a861252012/testnet-wallet-lab/internal/wallet/vault.go:49.43,52.3 2 2
github.com/a861252012/testnet-wallet-lab/internal/wallet/vault.go:53.2,54.19 2 4
github.com/a861252012/testnet-wallet-lab/internal/wallet/vault.go:54.19,57.3 2 0
github.com/a861252012/testnet-wallet-lab/internal/wallet/vault.go:58.2,59.16 2 4
github.com/a861252012/testnet-wallet-lab/internal/wallet/vault.go:59.16,61.3 1 0
github.com/a861252012/testnet-wallet-lab/internal/wallet/vault.go:62.2,63.12 2 4
github.com/a861252012/testnet-wallet-lab/internal/wallet/vault.go:67.72,68.67 1 3
github.com/a861252012/testnet-wallet-lab/internal/wallet/vault.go:68.67,70.3 1 2
github.com/a861252012/testnet-wallet-lab/internal/wallet/vault.go:72.2,73.16 2 1
github.com/a861252012/testnet-wallet-lab/internal/wallet/vault.go:73.16,75.3 1 0
github.com/a861252012/testnet-wallet-lab/internal/wallet/vault.go:76.2,80.16 4 1
github.com/a861252012/testnet-wallet-lab/internal/wallet/vault.go:80.16,82.3 1 0
github.com/a861252012/testnet-wallet-lab/internal/wallet/vault.go:84.2,89.8 1 1
github.com/a861252012/testnet-wallet-lab/internal/wallet/vault.go:93.119,94.70 1 7
github.com/a861252012/testnet-wallet-lab/internal/wallet/vault.go:94.70,96.3 1 0
github.com/a861252012/testnet-wallet-lab/internal/wallet/vault.go:97.2,98.16 2 7
github.com/a861252012/testnet-wallet-lab/internal/wallet/vault.go:98.16,100.3 1 0
github.com/a861252012/testnet-wallet-lab/internal/wallet/vault.go:101.2,102.16 2 7
github.com/a861252012/testnet-wallet-lab/internal/wallet/vault.go:102.16,104.3 1 0
github.com/a861252012/testnet-wallet-lab/internal/wallet/vault.go:105.2,106.84 2 7
github.com/a861252012/testnet-wallet-lab/internal/wallet/vault.go:106.84,108.3 1 0
github.com/a861252012/testnet-wallet-lab/internal/wallet/vault.go:109.2,109.21 1 7
github.com/a861252012/testnet-wallet-lab/internal/wallet/vault.go:112.40,113.16 1 20
github.com/a861252012/testnet-wallet-lab/internal/wallet/vault.go:113.16,115.3 1 0
github.com/a861252012/testnet-wallet-lab/internal/wallet/vault.go:116.2,116.114 1 20
github.com/a861252012/testnet-wallet-lab/internal/wallet/vault.go:116.114,118.3 1 3
github.com/a861252012/testnet-wallet-lab/internal/wallet/vault.go:119.2,121.30 3 17
github.com/a861252012/testnet-wallet-lab/internal/wallet/vault.go:121.30,122.42 1 11
github.com/a861252012/testnet-wallet-lab/internal/wallet/vault.go:123.15,124.15 1 7
github.com/a861252012/testnet-wallet-lab/internal/wallet/vault.go:125.15,126.31 1 1
github.com/a861252012/testnet-wallet-lab/internal/wallet/vault.go:127.23,128.35 1 2
github.com/a861252012/testnet-wallet-lab/internal/wallet/vault.go:131.2,131.19 1 17
github.com/a861252012/testnet-wallet-lab/internal/wallet/vault.go:131.19,133.3 1 8
github.com/a861252012/testnet-wallet-lab/internal/wallet/vault.go:134.2,135.39 2 17
github.com/a861252012/testnet-wallet-lab/internal/wallet/vault.go:135.39,137.3 1 4
github.com/a861252012/testnet-wallet-lab/internal/wallet/vault.go:138.2,138.34 1 13
github.com/a861252012/testnet-wallet-lab/internal/wallet/vault.go:139.20,140.50 1 4
github.com/a861252012/testnet-wallet-lab/internal/wallet/vault.go:141.20,142.50 1 2
github.com/a861252012/testnet-wallet-lab/internal/wallet/vault.go:143.20,144.66 1 4
github.com/a861252012/testnet-wallet-lab/internal/wallet/vault.go:145.20,146.42 1 1
github.com/a861252012/testnet-wallet-lab/internal/wallet/vault.go:147.20,148.42 1 2
github.com/a861252012/testnet-wallet-lab/internal/wallet/vault.go:149.10,150.72 1 0
github.com/a861252012/testnet-wallet-lab/internal/wallet/vault.go:155.125,163.16 3 27
github.com/a861252012/testnet-wallet-lab/internal/wallet/vault.go:163.16,165.3 1 20
github.com/a861252012/testnet-wallet-lab/internal/wallet/vault.go:166.2,166.12 1 7
